Error messages:
Nov 19 12:23:12 jackr vivaldi_vivaldi-stable.desktop[55364]: [55364:55452:1119/122312.116966:ERROR:chromium/components/sync/engine/get_updates_processor.cc:267] PostClientToServerMessage() failed during GetUpdates with error Network error (ERR_INTERNET_DISCONNECTED)
Nov 19 12:23:18 jackr vivaldi_vivaldi-stable.desktop[55364]: [55364:55453:1119/122318.371034:ERROR:chromium/components/sync/engine/get_updates_processor.cc:267] PostClientToServerMessage() failed during GetUpdates with error Network error (ERR_INTERNET_DISCONNECTED)
Nov 19 12:23:21 jackr discord_discord.desktop[35930]: 12:23:21.402 › [GatewaySocket] [WS CLOSED] (false, 0, An error with the websocket occurred) retrying in 5.15 seconds.
Nov 19 12:23:27 jackr discord_discord.desktop[35930]: 12:23:27.370 › [GatewaySocket] [WS CLOSED] (false, 0, An error with the websocket occurred) retrying in 6.22 seconds.
Nov 19 12:23:27 jackr vivaldi_vivaldi-stable.desktop[55364]: [55364:55452:1119/122327.751480:ERROR:chromium/components/sync/engine/get_updates_processor.cc:267] PostClientToServerMessage() failed during GetUpdates with error Network error (ERR_INTERNET_DISCONNECTED)
Nov 19 12:23:32 jackr vivaldi_vivaldi-stable.desktop[55364]: [55364:55456:1119/122332.531468:ERROR:chromium/google_apis/gcm/engine/connection_factory_impl.cc:434] Failed to connect to MCS endpoint with error -7
Nov 19 12:23:34 jackr discord_discord.desktop[35930]: 12:23:34.396 › [GatewaySocket] [WS CLOSED] (false, 0, An error with the websocket occurred) retrying in 7.08 seconds.
Nov 19 12:23:41 jackr vivaldi_vivaldi-stable.desktop[55364]: [55364:55452:1119/122341.818899:ERROR:chromium/components/sync/engine/get_updates_processor.cc:267] PostClientToServerMessage() failed during GetUpdates with error Network error (ERR_INTERNET_DISCONNECTED)
Nov 19 12:23:42 jackr discord_discord.desktop[35930]: 12:23:42.372 › [GatewaySocket] [WS CLOSED] (false, 0, An error with the websocket occurred) retrying in 13.08 seconds.
Nov 19 12:23:42 jackr discord_discord.desktop[35930]: 12:23:42.373 › [GatewaySocket] [RESET] (false, 0, An error with the websocket occurred)
Nov 19 12:23:47 jackr ubuntu-appindicators@ubuntu.com[1972]: Impossible to send about-to-show to menu: Gio.DBusError: GDBus.Error:org.freedesktop.DBus.Error.Failed: error occurred in AboutToShow
Nov 19 12:23:47 jackr ubuntu-appindicators@ubuntu.com[1972]: message repeated 2 times: [ Impossible to send about-to-show to menu: Gio.DBusError: GDBus.Error:org.freedesktop.DBus.Error.Failed: error occurred in AboutToShow]
Nov 19 12:23:53 jackr discord_discord.desktop[35930]: 12:23:53.688 › [GatewaySocket] [WS CLOSED] (false, 0, An error with the websocket occurred) retrying in 2.25 seconds.
Nov 19 12:23:54 jackr vivaldi_vivaldi-stable.desktop[83684]: Fontconfig error: Cannot load default config file: No such file: (null)
Nov 19 12:23:55 jackr vivaldi_vivaldi-stable.desktop[55364]: [55364:55456:1119/122355.175212:ERROR:chromium/google_apis/gcm/engine/connection_factory_impl.cc:434] Failed to connect to MCS endpoint with error -105
Nov 19 12:23:55 jackr vivaldi_vivaldi-stable.desktop[55364]: [55364:55456:1119/122355.180031:ERROR:chromium/google_apis/gcm/engine/connection_factory_impl.cc:434] Failed to connect to MCS endpoint with error -105
Nov 19 12:23:55 jackr vivaldi_vivaldi-stable.desktop[55364]: [55364:55452:1119/122355.183013:ERROR:chromium/components/sync/engine/get_updates_processor.cc:267] PostClientToServerMessage() failed during GetUpdates with error Network error (ERR_NAME_NOT_RESOLVED)
Nov 19 12:23:56 jackr discord_discord.desktop[35930]: 12:23:56.373 › [GatewaySocket] [WS CLOSED] (false, 0, An error with the websocket occurred) retrying in 6.66 seconds.
Nov 19 12:24:57 jackr vivaldi_vivaldi-stable.desktop[55364]: [55364:55364:1119/122457.190285:ERROR:CONSOLE:0] "Unchecked runtime.lastError: Internal Thumbnail error", source: chrome-extension://mpognobbkildjkofajifpdfhcoklimli/window.html (0)
Nov 19 12:25:02 jackr snap-store[2294]: not handling error failed for action refresh: E: Failed to fetch http://us.archive.ubuntu.com/ubuntu/dists/jammy/InRelease  #012E: Failed to fetch http://us.archive.ubuntu.com/ubuntu/dists/jammy-updates/InRelease  #012E: Failed to fetch http://us.archive.ubuntu.com/ubuntu/dists/jammy-backports/InRelease  #012E: Failed to fetch http://security.ubuntu.com/ubuntu/dists/jammy-security/InRelease  #012E: Failed to fetch https://downloads.1password.com/linux/debian/amd64/dists/stable/InRelease  #012E: Failed to fetch https://download.docker.com/linux/ubuntu/dists/jammy/InRelease  #012E: Failed to fetch https://ppa.launchpadcontent.net/dotnet/backports/ubuntu/dists/jammy/InRelease  #012E: Failed to fetch http://packages.ros.org/ros2/ubuntu/dists/jammy/InRelease  #012E: Failed to fetch https://codeberg.org/api/packages/yataro/debian/dists/generic/InRelease  #012E: Failed to fetch https://downloads.typora.io/linux/./InRelease  #012E: Failed to fetch https://zotero.retorque.re/file/apt-package-archive/./InRelease  #012E: Some index files failed to download. They have been ignored, or old ones used instead.
Nov 19 12:25:08 jackr gnome-software[2213]: not handling error failed for action refresh: E: Failed to fetch http://us.archive.ubuntu.com/ubuntu/dists/jammy/InRelease  #012E: Failed to fetch http://us.archive.ubuntu.com/ubuntu/dists/jammy-updates/InRelease  #012E: Failed to fetch http://us.archive.ubuntu.com/ubuntu/dists/jammy-backports/InRelease  #012E: Failed to fetch http://security.ubuntu.com/ubuntu/dists/jammy-security/InRelease  #012E: Failed to fetch https://downloads.1password.com/linux/debian/amd64/dists/stable/InRelease  #012E: Failed to fetch https://download.docker.com/linux/ubuntu/dists/jammy/InRelease  #012E: Failed to fetch https://ppa.launchpadcontent.net/dotnet/backports/ubuntu/dists/jammy/InRelease  #012E: Failed to fetch http://packages.ros.org/ros2/ubuntu/dists/jammy/InRelease  #012E: Failed to fetch https://codeberg.org/api/packages/yataro/debian/dists/generic/InRelease  #012E: Failed to fetch https://downloads.typora.io/linux/./InRelease  #012E: Failed to fetch https://zotero.retorque.re/file/apt-package-archive/./InRelease  #012E: Some index files failed to download. They have been ignored, or old ones used instead.
Nov 19 12:25:26 jackr gnome-software[2213]: not handling error failed for action refresh: E: Failed to fetch http://us.archive.ubuntu.com/ubuntu/dists/jammy/InRelease  #012E: Failed to fetch http://us.archive.ubuntu.com/ubuntu/dists/jammy-updates/InRelease  #012E: Failed to fetch http://us.archive.ubuntu.com/ubuntu/dists/jammy-backports/InRelease  #012E: Failed to fetch http://security.ubuntu.com/ubuntu/dists/jammy-security/InRelease  #012E: Failed to fetch https://downloads.1password.com/linux/debian/amd64/dists/stable/InRelease  #012E: Failed to fetch https://download.docker.com/linux/ubuntu/dists/jammy/InRelease  #012E: Failed to fetch https://ppa.launchpadcontent.net/dotnet/backports/ubuntu/dists/jammy/InRelease  #012E: Failed to fetch http://packages.ros.org/ros2/ubuntu/dists/jammy/InRelease  #012E: Failed to fetch https://codeberg.org/api/packages/yataro/debian/dists/generic/InRelease  #012E: Failed to fetch https://downloads.typora.io/linux/./InRelease  #012E: Failed to fetch https://zotero.retorque.re/file/apt-package-archive/./InRelease  #012E: Some index files failed to download. They have been ignored, or old ones used instead.
Nov 19 12:25:30 jackr gnome-software[2213]: not handling error failed for action refresh: E: Failed to fetch http://us.archive.ubuntu.com/ubuntu/dists/jammy/InRelease  #012E: Failed to fetch http://us.archive.ubuntu.com/ubuntu/dists/jammy-updates/InRelease  #012E: Failed to fetch http://us.archive.ubuntu.com/ubuntu/dists/jammy-backports/InRelease  #012E: Failed to fetch http://security.ubuntu.com/ubuntu/dists/jammy-security/InRelease  #012E: Failed to fetch https://downloads.1password.com/linux/debian/amd64/dists/stable/InRelease  #012E: Failed to fetch https://download.docker.com/linux/ubuntu/dists/jammy/InRelease  #012E: Failed to fetch https://ppa.launchpadcontent.net/dotnet/backports/ubuntu/dists/jammy/InRelease  #012E: Failed to fetch http://packages.ros.org/ros2/ubuntu/dists/jammy/InRelease  #012E: Failed to fetch https://codeberg.org/api/packages/yataro/debian/dists/generic/InRelease  #012E: Failed to fetch https://downloads.typora.io/linux/./InRelease  #012E: Failed to fetch https://zotero.retorque.re/file/apt-package-archive/./InRelease  #012E: Some index files failed to download. They have been ignored, or old ones used instead.
Nov 19 12:25:40 jackr gnome-software[2213]: not handling error failed for action refresh: E: Failed to fetch http://us.archive.ubuntu.com/ubuntu/dists/jammy/InRelease  #012E: Failed to fetch http://us.archive.ubuntu.com/ubuntu/dists/jammy-updates/InRelease  #012E: Failed to fetch http://us.archive.ubuntu.com/ubuntu/dists/jammy-backports/InRelease  #012E: Failed to fetch http://security.ubuntu.com/ubuntu/dists/jammy-security/InRelease  #012E: Failed to fetch https://downloads.1password.com/linux/debian/amd64/dists/stable/InRelease  #012E: Failed to fetch https://download.docker.com/linux/ubuntu/dists/jammy/InRelease  #012E: Failed to fetch https://ppa.launchpadcontent.net/dotnet/backports/ubuntu/dists/jammy/InRelease  #012E: Failed to fetch http://packages.ros.org/ros2/ubuntu/dists/jammy/InRelease  #012E: Failed to fetch https://codeberg.org/api/packages/yataro/debian/dists/generic/InRelease  #012E: Failed to fetch https://downloads.typora.io/linux/./InRelease  #012E: Failed to fetch https://zotero.retorque.re/file/apt-package-archive/./InRelease  #012E: Some index files failed to download. They have been ignored, or old ones used instead.
Nov 19 12:25:48 jackr gnome-software[2213]: internal error: failed, but no error code: cancelled-priority
Nov 19 12:25:50 jackr gnome-software[2213]: internal error: failed, but no error code: cancelled-priority
Nov 19 12:26:58 jackr gnome-software[2213]: snap did not set error for gs_plugin_update
Nov 19 12:26:58 jackr gnome-software[2213]: snap did not set error for gs_plugin_update
Nov 19 12:26:58 jackr gnome-software[2213]: snap did not set error for gs_plugin_update
Nov 19 12:27:01 jackr gnome-software[2213]: snap did not set error for gs_plugin_update
Nov 19 12:29:39 jackr vivaldi_vivaldi-stable.desktop[55526]: [55526:55541:1119/122939.614210:ERROR:chromium/net/socket/ssl_client_socket_impl.cc:915] handshake failed; returned -1, SSL error code 1, net_error -101
Nov 19 12:29:56 jackr dockerd[68959]: time="2025-11-19T12:29:56.934241056-06:00" level=info msg="stopping event stream following graceful shutdown" error="<nil>" module=libcontainerd namespace=moby
Nov 19 12:29:56 jackr dockerd[68959]: time="2025-11-19T12:29:56.937132278-06:00" level=info msg="stopping event stream following graceful shutdown" error="context canceled" module=libcontainerd namespace=plugins.moby
Nov 19 12:29:57 jackr dockerd[90711]: time="2025-11-19T12:29:57.605691293-06:00" level=info msg="Deleting nftables IPv4 rules" error="exit status 1"
Nov 19 12:29:57 jackr dockerd[90711]: time="2025-11-19T12:29:57.616679643-06:00" level=info msg="Deleting nftables IPv6 rules" error="exit status 1"
Nov 19 13:06:04 jackr kactivitymanagerd[71836]: kf.service.services: Parsing "exist Exec and Exec ~~ 'env BAMF_DESKTOP_FILE_HINT=/var/lib/snapd/desktop/applications/vivaldi_vivaldi-stable.desktop /snap/bin/vivaldi.vivaldi-stable '\\''--class=Vivaldi-snap'\\'' %U'" gave: syntax error
Nov 19 13:06:04 jackr kactivitymanagerd[71836]: kf.service.services: Parsing "exist Exec and Exec ~~ '/snap/bin/vivaldi.vivaldi-stable '\\''--class=Vivaldi-snap'\\'' %U'" gave: syntax error
Nov 19 13:06:04 jackr kactivitymanagerd[71836]: kf.service.services: Parsing "exist Exec and Exec ~~ '/snap/bin/vivaldi.vivaldi-stable '\\''--class=Vivaldi-snap'\\'' %U'" gave: syntax error
Nov 19 13:13:45 jackr vivaldi_vivaldi-stable.desktop[96289]: Fontconfig error: Cannot load default config file: No such file: (null)
Nov 19 13:22:34 jackr gnome-shell[1972]: libinput error: event7  - bcm5974: client bug: event processing lagging behind by 24ms, your system is too slow
Nov 19 13:22:47 jackr gnome-shell[1972]: libinput error: event7  - bcm5974: client bug: event processing lagging behind by 30ms, your system is too slow
Nov 19 13:24:40 jackr kactivitymanagerd[71836]: kf.service.services: Parsing "exist Exec and Exec ~~ 'env BAMF_DESKTOP_FILE_HINT=/var/lib/snapd/desktop/applications/vivaldi_vivaldi-stable.desktop /snap/bin/vivaldi.vivaldi-stable '\\''--class=Vivaldi-snap'\\'' %U'" gave: syntax error
Nov 19 13:24:40 jackr kactivitymanagerd[71836]: kf.service.services: Parsing "exist Exec and Exec ~~ '/snap/bin/vivaldi.vivaldi-stable '\\''--class=Vivaldi-snap'\\'' %U'" gave: syntax error
Nov 19 13:24:41 jackr kactivitymanagerd[71836]: kf.service.services: Parsing "exist Exec and Exec ~~ '/snap/bin/vivaldi.vivaldi-stable '\\''--class=Vivaldi-snap'\\'' %U'" gave: syntax error
Nov 19 13:25:08 jackr vivaldi_vivaldi-stable.desktop[96985]: Fontconfig error: Cannot load default config file: No such file: (null)
Nov 19 13:25:52 jackr vivaldi_vivaldi-stable.desktop[97193]: Fontconfig error: Cannot load default config file: No such file: (null)
Nov 19 13:51:28 jackr kactivitymanagerd[71836]: kf.service.services: Parsing "exist Exec and Exec ~~ 'env BAMF_DESKTOP_FILE_HINT=/var/lib/snapd/desktop/applications/vivaldi_vivaldi-stable.desktop /snap/bin/vivaldi.vivaldi-stable '\\''--class=Vivaldi-snap'\\'' %U'" gave: syntax error
Nov 19 13:51:28 jackr kactivitymanagerd[71836]: kf.service.services: Parsing "exist Exec and Exec ~~ '/snap/bin/vivaldi.vivaldi-stable '\\''--class=Vivaldi-snap'\\'' %U'" gave: syntax error
Nov 19 13:51:28 jackr kactivitymanagerd[71836]: message repeated 2 times: [ kf.service.services: Parsing "exist Exec and Exec ~~ '/snap/bin/vivaldi.vivaldi-stable '\\''--class=Vivaldi-snap'\\'' %U'" gave: syntax error]
Nov 19 13:51:55 jackr vivaldi_vivaldi-stable.desktop[104123]: Fontconfig error: Cannot load default config file: No such file: (null)
Nov 19 13:53:48 jackr gnome-shell[1972]: libinput error: event7  - bcm5974: client bug: event processing lagging behind by 21ms, your system is too slow
Nov 19 13:54:14 jackr vivaldi_vivaldi-stable.desktop[104287]: Fontconfig error: Cannot load default config file: No such file: (null)
Nov 19 13:54:19 jackr vivaldi_vivaldi-stable.desktop[104339]: Fontconfig error: Cannot load default config file: No such file: (null)
Nov 19 13:57:59 jackr kactivitymanagerd[71836]: kf.service.services: Parsing "exist Exec and Exec ~~ 'env BAMF_DESKTOP_FILE_HINT=/var/lib/snapd/desktop/applications/vivaldi_vivaldi-stable.desktop /snap/bin/vivaldi.vivaldi-stable '\\''--class=Vivaldi-snap'\\'' %U'" gave: syntax error
Nov 19 13:57:59 jackr kactivitymanagerd[71836]: kf.service.services: Parsing "exist Exec and Exec ~~ '/snap/bin/vivaldi.vivaldi-stable '\\''--class=Vivaldi-snap'\\'' %U'" gave: syntax error
Nov 19 13:57:59 jackr kactivitymanagerd[71836]: message repeated 2 times: [ kf.service.services: Parsing "exist Exec and Exec ~~ '/snap/bin/vivaldi.vivaldi-stable '\\''--class=Vivaldi-snap'\\'' %U'" gave: syntax error]
Nov 19 14:03:32 jackr kactivitymanagerd[71836]: kf.service.services: Parsing "exist Exec and Exec ~~ 'env BAMF_DESKTOP_FILE_HINT=/var/lib/snapd/desktop/applications/vivaldi_vivaldi-stable.desktop /snap/bin/vivaldi.vivaldi-stable '\\''--class=Vivaldi-snap'\\'' %U'" gave: syntax error
Nov 19 14:03:33 jackr kactivitymanagerd[71836]: kf.service.services: Parsing "exist Exec and Exec ~~ '/snap/bin/vivaldi.vivaldi-stable '\\''--class=Vivaldi-snap'\\'' %U'" gave: syntax error
Nov 19 14:03:33 jackr kactivitymanagerd[71836]: message repeated 2 times: [ kf.service.services: Parsing "exist Exec and Exec ~~ '/snap/bin/vivaldi.vivaldi-stable '\\''--class=Vivaldi-snap'\\'' %U'" gave: syntax error]
Nov 19 14:03:37 jackr kactivitymanagerd[71836]: kf.service.services: Parsing "exist Exec and Exec ~~ 'env BAMF_DESKTOP_FILE_HINT=/var/lib/snapd/desktop/applications/vivaldi_vivaldi-stable.desktop /snap/bin/vivaldi.vivaldi-stable '\\''--class=Vivaldi-snap'\\'' %U'" gave: syntax error
Nov 19 14:03:37 jackr kactivitymanagerd[71836]: kf.service.services: Parsing "exist Exec and Exec ~~ '/snap/bin/vivaldi.vivaldi-stable '\\''--class=Vivaldi-snap'\\'' %U'" gave: syntax error
Nov 19 14:03:38 jackr kactivitymanagerd[71836]: message repeated 2 times: [ kf.service.services: Parsing "exist Exec and Exec ~~ '/snap/bin/vivaldi.vivaldi-stable '\\''--class=Vivaldi-snap'\\'' %U'" gave: syntax error]
Nov 19 14:03:42 jackr kactivitymanagerd[71836]: kf.service.services: Parsing "exist Exec and Exec ~~ 'env BAMF_DESKTOP_FILE_HINT=/var/lib/snapd/desktop/applications/vivaldi_vivaldi-stable.desktop /snap/bin/vivaldi.vivaldi-stable '\\''--class=Vivaldi-snap'\\'' %U'" gave: syntax error
Nov 19 14:03:42 jackr kactivitymanagerd[71836]: kf.service.services: Parsing "exist Exec and Exec ~~ '/snap/bin/vivaldi.vivaldi-stable '\\''--class=Vivaldi-snap'\\'' %U'" gave: syntax error
Nov 19 14:03:42 jackr kactivitymanagerd[71836]: message repeated 3 times: [ kf.service.services: Parsing "exist Exec and Exec ~~ '/snap/bin/vivaldi.vivaldi-stable '\\''--class=Vivaldi-snap'\\'' %U'" gave: syntax error]
Nov 19 14:05:41 jackr kactivitymanagerd[71836]: kf.service.services: Parsing "exist Exec and Exec ~~ 'env BAMF_DESKTOP_FILE_HINT=/var/lib/snapd/desktop/applications/vivaldi_vivaldi-stable.desktop /snap/bin/vivaldi.vivaldi-stable '\\''--class=Vivaldi-snap'\\'' %U'" gave: syntax error
Nov 19 14:05:41 jackr kactivitymanagerd[71836]: kf.service.services: Parsing "exist Exec and Exec ~~ '/snap/bin/vivaldi.vivaldi-stable '\\''--class=Vivaldi-snap'\\'' %U'" gave: syntax error
Nov 19 14:05:41 jackr kactivitymanagerd[71836]: message repeated 3 times: [ kf.service.services: Parsing "exist Exec and Exec ~~ '/snap/bin/vivaldi.vivaldi-stable '\\''--class=Vivaldi-snap'\\'' %U'" gave: syntax error]
Nov 19 14:09:26 jackr kactivitymanagerd[71836]: kf.service.services: Parsing "exist Exec and Exec ~~ 'env BAMF_DESKTOP_FILE_HINT=/var/lib/snapd/desktop/applications/vivaldi_vivaldi-stable.desktop /snap/bin/vivaldi.vivaldi-stable '\\''--class=Vivaldi-snap'\\'' %U'" gave: syntax error
Nov 19 14:09:26 jackr kactivitymanagerd[71836]: kf.service.services: Parsing "exist Exec and Exec ~~ '/snap/bin/vivaldi.vivaldi-stable '\\''--class=Vivaldi-snap'\\'' %U'" gave: syntax error
Nov 19 14:09:26 jackr kactivitymanagerd[71836]: message repeated 3 times: [ kf.service.services: Parsing "exist Exec and Exec ~~ '/snap/bin/vivaldi.vivaldi-stable '\\''--class=Vivaldi-snap'\\'' %U'" gave: syntax error]
Nov 19 14:11:42 jackr kactivitymanagerd[71836]: kf.service.services: Parsing "exist Exec and Exec ~~ 'env BAMF_DESKTOP_FILE_HINT=/var/lib/snapd/desktop/applications/vivaldi_vivaldi-stable.desktop /snap/bin/vivaldi.vivaldi-stable '\\''--class=Vivaldi-snap'\\'' %U'" gave: syntax error
Nov 19 14:11:42 jackr kactivitymanagerd[71836]: kf.service.services: Parsing "exist Exec and Exec ~~ '/snap/bin/vivaldi.vivaldi-stable '\\''--class=Vivaldi-snap'\\'' %U'" gave: syntax error
Nov 19 14:11:42 jackr kactivitymanagerd[71836]: message repeated 3 times: [ kf.service.services: Parsing "exist Exec and Exec ~~ '/snap/bin/vivaldi.vivaldi-stable '\\''--class=Vivaldi-snap'\\'' %U'" gave: syntax error]
Nov 19 14:12:07 jackr kactivitymanagerd[71836]: kf.service.services: Parsing "exist Exec and Exec ~~ 'env BAMF_DESKTOP_FILE_HINT=/var/lib/snapd/desktop/applications/vivaldi_vivaldi-stable.desktop /snap/bin/vivaldi.vivaldi-stable '\\''--class=Vivaldi-snap'\\'' %U'" gave: syntax error
Nov 19 14:12:07 jackr kactivitymanagerd[71836]: kf.service.services: Parsing "exist Exec and Exec ~~ '/snap/bin/vivaldi.vivaldi-stable '\\''--class=Vivaldi-snap'\\'' %U'" gave: syntax error
Nov 19 14:12:07 jackr kactivitymanagerd[71836]: message repeated 3 times: [ kf.service.services: Parsing "exist Exec and Exec ~~ '/snap/bin/vivaldi.vivaldi-stable '\\''--class=Vivaldi-snap'\\'' %U'" gave: syntax error]
Nov 19 14:14:12 jackr kactivitymanagerd[71836]: kf.service.services: Parsing "exist Exec and Exec ~~ 'env BAMF_DESKTOP_FILE_HINT=/var/lib/snapd/desktop/applications/vivaldi_vivaldi-stable.desktop /snap/bin/vivaldi.vivaldi-stable '\\''--class=Vivaldi-snap'\\'' %U'" gave: syntax error
Nov 19 14:14:12 jackr kactivitymanagerd[71836]: kf.service.services: Parsing "exist Exec and Exec ~~ '/snap/bin/vivaldi.vivaldi-stable '\\''--class=Vivaldi-snap'\\'' %U'" gave: syntax error
Nov 19 14:14:12 jackr kactivitymanagerd[71836]: message repeated 3 times: [ kf.service.services: Parsing "exist Exec and Exec ~~ '/snap/bin/vivaldi.vivaldi-stable '\\''--class=Vivaldi-snap'\\'' %U'" gave: syntax error]
Nov 19 14:18:48 jackr kactivitymanagerd[71836]: kf.service.services: Parsing "exist Exec and Exec ~~ 'env BAMF_DESKTOP_FILE_HINT=/var/lib/snapd/desktop/applications/vivaldi_vivaldi-stable.desktop /snap/bin/vivaldi.vivaldi-stable '\\''--class=Vivaldi-snap'\\'' %U'" gave: syntax error
Nov 19 14:18:49 jackr kactivitymanagerd[71836]: kf.service.services: Parsing "exist Exec and Exec ~~ '/snap/bin/vivaldi.vivaldi-stable '\\''--class=Vivaldi-snap'\\'' %U'" gave: syntax error
Nov 19 14:18:49 jackr kactivitymanagerd[71836]: message repeated 3 times: [ kf.service.services: Parsing "exist Exec and Exec ~~ '/snap/bin/vivaldi.vivaldi-stable '\\''--class=Vivaldi-snap'\\'' %U'" gave: syntax error]
Nov 19 14:25:37 jackr ubuntu-appindicators@ubuntu.com[1972]: Impossible to send about-to-show to menu: Gio.DBusError: GDBus.Error:org.freedesktop.DBus.Error.Failed: error occurred in AboutToShow
Nov 19 14:25:37 jackr ubuntu-appindicators@ubuntu.com[1972]: Impossible to send about-to-show to menu: Gio.DBusError: GDBus.Error:org.freedesktop.DBus.Error.Failed: error occurred in AboutToShow
Nov 19 14:30:35 jackr kactivitymanagerd[71836]: kf.service.services: Parsing "exist Exec and Exec ~~ 'env BAMF_DESKTOP_FILE_HINT=/var/lib/snapd/desktop/applications/vivaldi_vivaldi-stable.desktop /snap/bin/vivaldi.vivaldi-stable '\\''--class=Vivaldi-snap'\\'' %U'" gave: syntax error
Nov 19 14:30:35 jackr kactivitymanagerd[71836]: kf.service.services: Parsing "exist Exec and Exec ~~ '/snap/bin/vivaldi.vivaldi-stable '\\''--class=Vivaldi-snap'\\'' %U'" gave: syntax error
Nov 19 14:30:35 jackr kactivitymanagerd[71836]: message repeated 3 times: [ kf.service.services: Parsing "exist Exec and Exec ~~ '/snap/bin/vivaldi.vivaldi-stable '\\''--class=Vivaldi-snap'\\'' %U'" gave: syntax error]
Nov 19 14:37:47 jackr vivaldi_vivaldi-stable.desktop[108213]: Fontconfig error: Cannot load default config file: No such file: (null)
Nov 19 14:37:59 jackr kactivitymanagerd[71836]: kf.service.services: Parsing "exist Exec and Exec ~~ 'env BAMF_DESKTOP_FILE_HINT=/var/lib/snapd/desktop/applications/vivaldi_vivaldi-stable.desktop /snap/bin/vivaldi.vivaldi-stable '\\''--class=Vivaldi-snap'\\'' %U'" gave: syntax error
Nov 19 14:38:00 jackr kactivitymanagerd[71836]: kf.service.services: Parsing "exist Exec and Exec ~~ '/snap/bin/vivaldi.vivaldi-stable '\\''--class=Vivaldi-snap'\\'' %U'" gave: syntax error
Nov 19 14:38:00 jackr kactivitymanagerd[71836]: message repeated 4 times: [ kf.service.services: Parsing "exist Exec and Exec ~~ '/snap/bin/vivaldi.vivaldi-stable '\\''--class=Vivaldi-snap'\\'' %U'" gave: syntax error]
Nov 19 14:45:35 jackr kactivitymanagerd[71836]: kf.service.services: Parsing "exist Exec and Exec ~~ 'env BAMF_DESKTOP_FILE_HINT=/var/lib/snapd/desktop/applications/vivaldi_vivaldi-stable.desktop /snap/bin/vivaldi.vivaldi-stable '\\''--class=Vivaldi-snap'\\'' %U'" gave: syntax error
Nov 19 14:45:36 jackr kactivitymanagerd[71836]: kf.service.services: Parsing "exist Exec and Exec ~~ '/snap/bin/vivaldi.vivaldi-stable '\\''--class=Vivaldi-snap'\\'' %U'" gave: syntax error
Nov 19 14:45:36 jackr kactivitymanagerd[71836]: message repeated 4 times: [ kf.service.services: Parsing "exist Exec and Exec ~~ '/snap/bin/vivaldi.vivaldi-stable '\\''--class=Vivaldi-snap'\\'' %U'" gave: syntax error]
Nov 19 14:45:37 jackr kactivitymanagerd[71836]: kf.service.services: Parsing "exist Exec and Exec ~~ 'env BAMF_DESKTOP_FILE_HINT=/var/lib/snapd/desktop/applications/vivaldi_vivaldi-stable.desktop /snap/bin/vivaldi.vivaldi-stable '\\''--class=Vivaldi-snap'\\'' %U'" gave: syntax error
Nov 19 14:45:37 jackr kactivitymanagerd[71836]: kf.service.services: Parsing "exist Exec and Exec ~~ '/snap/bin/vivaldi.vivaldi-stable '\\''--class=Vivaldi-snap'\\'' %U'" gave: syntax error
Nov 19 14:45:37 jackr kactivitymanagerd[71836]: message repeated 4 times: [ kf.service.services: Parsing "exist Exec and Exec ~~ '/snap/bin/vivaldi.vivaldi-stable '\\''--class=Vivaldi-snap'\\'' %U'" gave: syntax error]
Nov 19 15:20:06 jackr kernel: [39166.300422] brcmfmac 0000:03:00.0: Direct firmware load for brcm/brcmfmac43602-pcie.Apple Inc.-MacBookPro12,1.bin failed with error -2
Nov 19 15:20:06 jackr kernel: [39166.302909] brcmfmac 0000:03:00.0: Direct firmware load for brcm/brcmfmac43602-pcie.txt failed with error -2
Nov 19 15:20:06 jackr kernel: [39166.308186] brcmfmac 0000:03:00.0: Direct firmware load for brcm/brcmfmac43602-pcie.clm_blob failed with error -2
Nov 19 15:20:06 jackr kernel: [39166.308244] brcmfmac 0000:03:00.0: Direct firmware load for brcm/brcmfmac43602-pcie.txcap_blob failed with error -2
Nov 19 15:20:13 jackr ubuntu-appindicators@ubuntu.com[1972]: Impossible to send about-to-show to menu: Gio.DBusError: GDBus.Error:org.freedesktop.DBus.Error.Failed: error occurred in AboutToShow
Nov 19 15:20:13 jackr ubuntu-appindicators@ubuntu.com[1972]: Impossible to send about-to-show to menu: Gio.DBusError: GDBus.Error:org.freedesktop.DBus.Error.Failed: error occurred in AboutToShow
Nov 19 15:20:18 jackr discord_discord.desktop[35930]: 15:20:18.211 › [GatewaySocket] [WS CLOSED] (false, 0, An error with the websocket occurred) retrying in 2.27 seconds.
Nov 19 15:20:19 jackr discord_discord.desktop[35930]: 15:20:19.459 › [GatewaySocket] [WS CLOSED] (false, 0, An error with the websocket occurred) retrying in 2.33 seconds.
Nov 19 15:20:22 jackr discord_discord.desktop[35930]: 15:20:22.136 › [GatewaySocket] [WS CLOSED] (false, 0, An error with the websocket occurred) retrying in 5.52 seconds.
Nov 19 15:23:58 jackr vivaldi_vivaldi-stable.desktop[112389]: [112389:112389:1119/152358.035441:ERROR:chromium/dbus/object_proxy.cc:573] Failed to call method: org.gnome.Mutter.IdleMonitor.AddIdleWatch: object_path= /org/gnome/Mutter/IdleMonitor/Core: org.freedesktop.DBus.Error.AccessDenied: An AppArmor policy prevents this sender from sending this message to this recipient; type="method_call", sender=":1.2625" (uid=1000 pid=112389 comm="/snap/vivaldi/309/opt/vivaldi/vivaldi --password-s" label="snap.vivaldi.vivaldi-stable (enforce)") interface="org.gnome.Mutter.IdleMonitor" member="AddIdleWatch" error name="(unset)" requested_reply="0" destination="org.gnome.Mutter.IdleMonitor" (uid=1000 pid=1972 comm="/usr/bin/gnome-shell " label="unconfined")
Nov 19 15:24:01 jackr vivaldi_vivaldi-stable.desktop[112389]: [112389:112581:1119/152401.142574:ERROR:chromium/google_apis/gcm/engine/registration_request.cc:292] Registration response error message: DEPRECATED_ENDPOINT
Nov 19 15:24:25 jackr vivaldi_vivaldi-stable.desktop[112389]: [112389:112581:1119/152425.769963:ERROR:chromium/google_apis/gcm/engine/registration_request.cc:292] Registration response error message: DEPRECATED_ENDPOINT
Nov 19 15:25:16 jackr vivaldi_vivaldi-stable.desktop[112389]: [112389:112581:1119/152516.157322:ERROR:chromium/google_apis/gcm/engine/registration_request.cc:292] Registration response error message: DEPRECATED_ENDPOINT
Nov 19 15:26:17 jackr kactivitymanagerd[71836]: kf.service.services: Parsing "exist Exec and Exec ~~ 'env BAMF_DESKTOP_FILE_HINT=/var/lib/snapd/desktop/applications/vivaldi_vivaldi-stable.desktop /snap/bin/vivaldi.vivaldi-stable '\\''--class=Vivaldi-snap'\\'' %U'" gave: syntax error
Nov 19 15:26:17 jackr kactivitymanagerd[71836]: kf.service.services: Parsing "exist Exec and Exec ~~ '/snap/bin/vivaldi.vivaldi-stable '\\''--class=Vivaldi-snap'\\'' %U'" gave: syntax error
Nov 19 15:26:17 jackr kactivitymanagerd[71836]: message repeated 4 times: [ kf.service.services: Parsing "exist Exec and Exec ~~ '/snap/bin/vivaldi.vivaldi-stable '\\''--class=Vivaldi-snap'\\'' %U'" gave: syntax error]
Nov 19 15:26:58 jackr vivaldi_vivaldi-stable.desktop[112389]: [112389:112581:1119/152658.819585:ERROR:chromium/google_apis/gcm/engine/registration_request.cc:292] Registration response error message: DEPRECATED_ENDPOINT
Nov 19 15:28:27 jackr kactivitymanagerd[71836]: kf.service.services: Parsing "exist Exec and Exec ~~ 'env BAMF_DESKTOP_FILE_HINT=/var/lib/snapd/desktop/applications/vivaldi_vivaldi-stable.desktop /snap/bin/vivaldi.vivaldi-stable '\\''--class=Vivaldi-snap'\\'' %U'" gave: syntax error
Nov 19 15:28:27 jackr kactivitymanagerd[71836]: kf.service.services: Parsing "exist Exec and Exec ~~ '/snap/bin/vivaldi.vivaldi-stable '\\''--class=Vivaldi-snap'\\'' %U'" gave: syntax error
Nov 19 15:28:27 jackr kactivitymanagerd[71836]: message repeated 4 times: [ kf.service.services: Parsing "exist Exec and Exec ~~ '/snap/bin/vivaldi.vivaldi-stable '\\''--class=Vivaldi-snap'\\'' %U'" gave: syntax error]
Nov 19 15:28:34 jackr kactivitymanagerd[71836]: kf.service.services: Parsing "exist Exec and Exec ~~ 'env BAMF_DESKTOP_FILE_HINT=/var/lib/snapd/desktop/applications/vivaldi_vivaldi-stable.desktop /snap/bin/vivaldi.vivaldi-stable '\\''--class=Vivaldi-snap'\\'' %U'" gave: syntax error
Nov 19 15:28:35 jackr kactivitymanagerd[71836]: kf.service.services: Parsing "exist Exec and Exec ~~ '/snap/bin/vivaldi.vivaldi-stable '\\''--class=Vivaldi-snap'\\'' %U'" gave: syntax error
Nov 19 15:28:35 jackr kactivitymanagerd[71836]: message repeated 4 times: [ kf.service.services: Parsing "exist Exec and Exec ~~ '/snap/bin/vivaldi.vivaldi-stable '\\''--class=Vivaldi-snap'\\'' %U'" gave: syntax error]
Nov 19 15:28:43 jackr kactivitymanagerd[71836]: kf.service.services: Parsing "exist Exec and Exec ~~ 'env BAMF_DESKTOP_FILE_HINT=/var/lib/snapd/desktop/applications/vivaldi_vivaldi-stable.desktop /snap/bin/vivaldi.vivaldi-stable '\\''--class=Vivaldi-snap'\\'' %U'" gave: syntax error
Nov 19 15:28:43 jackr kactivitymanagerd[71836]: kf.service.services: Parsing "exist Exec and Exec ~~ '/snap/bin/vivaldi.vivaldi-stable '\\''--class=Vivaldi-snap'\\'' %U'" gave: syntax error
Nov 19 15:28:43 jackr kactivitymanagerd[71836]: message repeated 4 times: [ kf.service.services: Parsing "exist Exec and Exec ~~ '/snap/bin/vivaldi.vivaldi-stable '\\''--class=Vivaldi-snap'\\'' %U'" gave: syntax error]
Nov 19 15:28:48 jackr kactivitymanagerd[71836]: kf.service.services: Parsing "exist Exec and Exec ~~ 'env BAMF_DESKTOP_FILE_HINT=/var/lib/snapd/desktop/applications/vivaldi_vivaldi-stable.desktop /snap/bin/vivaldi.vivaldi-stable '\\''--class=Vivaldi-snap'\\'' %U'" gave: syntax error
Nov 19 15:28:48 jackr kactivitymanagerd[71836]: kf.service.services: Parsing "exist Exec and Exec ~~ '/snap/bin/vivaldi.vivaldi-stable '\\''--class=Vivaldi-snap'\\'' %U'" gave: syntax error
Nov 19 15:28:48 jackr kactivitymanagerd[71836]: message repeated 4 times: [ kf.service.services: Parsing "exist Exec and Exec ~~ '/snap/bin/vivaldi.vivaldi-stable '\\''--class=Vivaldi-snap'\\'' %U'" gave: syntax error]
Nov 19 15:30:17 jackr vivaldi_vivaldi-stable.desktop[112389]: [112389:112581:1119/153017.079107:ERROR:chromium/google_apis/gcm/engine/registration_request.cc:292] Registration response error message: DEPRECATED_ENDPOINT
Nov 19 15:30:27 jackr kactivitymanagerd[71836]: kf.service.services: Parsing "exist Exec and Exec ~~ 'env BAMF_DESKTOP_FILE_HINT=/var/lib/snapd/desktop/applications/vivaldi_vivaldi-stable.desktop /snap/bin/vivaldi.vivaldi-stable '\\''--class=Vivaldi-snap'\\'' %U'" gave: syntax error
Nov 19 15:30:28 jackr kactivitymanagerd[71836]: kf.service.services: Parsing "exist Exec and Exec ~~ '/snap/bin/vivaldi.vivaldi-stable '\\''--class=Vivaldi-snap'\\'' %U'" gave: syntax error
Nov 19 15:30:28 jackr kactivitymanagerd[71836]: message repeated 4 times: [ kf.service.services: Parsing "exist Exec and Exec ~~ '/snap/bin/vivaldi.vivaldi-stable '\\''--class=Vivaldi-snap'\\'' %U'" gave: syntax error]
Nov 19 15:33:55 jackr vivaldi_vivaldi-stable.desktop[114481]: Fontconfig error: Cannot load default config file: File not found: /snap/vivaldi/309/gnome-platform/etc/fonts/fonts.conf
Nov 19 15:35:15 jackr kactivitymanagerd[71836]: kf.service.services: Parsing "exist Exec and Exec ~~ 'env BAMF_DESKTOP_FILE_HINT=/var/lib/snapd/desktop/applications/vivaldi_vivaldi-stable.desktop /snap/bin/vivaldi.vivaldi-stable '\\''--class=Vivaldi-snap'\\'' %U'" gave: syntax error
Nov 19 15:35:15 jackr kactivitymanagerd[71836]: kf.service.services: Parsing "exist Exec and Exec ~~ '/snap/bin/vivaldi.vivaldi-stable '\\''--class=Vivaldi-snap'\\'' %U'" gave: syntax error
Nov 19 15:35:15 jackr kactivitymanagerd[71836]: message repeated 4 times: [ kf.service.services: Parsing "exist Exec and Exec ~~ '/snap/bin/vivaldi.vivaldi-stable '\\''--class=Vivaldi-snap'\\'' %U'" gave: syntax error]
Nov 19 15:35:49 jackr vivaldi_vivaldi-stable.desktop[112389]: [112389:112581:1119/153549.342956:ERROR:chromium/google_apis/gcm/engine/registration_request.cc:292] Registration response error message: DEPRECATED_ENDPOINT
Nov 19 15:38:09 jackr vivaldi_vivaldi-stable.desktop[112633]: [112633:112648:1119/153809.526674:ERROR:chromium/net/socket/ssl_client_socket_impl.cc:916] handshake failed; returned -1, SSL error code 1, net_error -113
Nov 19 15:38:09 jackr vivaldi_vivaldi-stable.desktop[112633]: [112633:112648:1119/153809.730062:ERROR:chromium/net/socket/ssl_client_socket_impl.cc:916] handshake failed; returned -1, SSL error code 1, net_error -113
Nov 19 15:38:09 jackr vivaldi_vivaldi-stable.desktop[112633]: [112633:112648:1119/153809.765605:ERROR:chromium/net/socket/ssl_client_socket_impl.cc:916] handshake failed; returned -1, SSL error code 1, net_error -113
Nov 19 15:38:09 jackr vivaldi_vivaldi-stable.desktop[112633]: [112633:112648:1119/153809.877473:ERROR:chromium/net/socket/ssl_client_socket_impl.cc:916] handshake failed; returned -1, SSL error code 1, net_error -113
Nov 19 15:38:09 jackr vivaldi_vivaldi-stable.desktop[112633]: [112633:112648:1119/153809.886540:ERROR:chromium/net/socket/ssl_client_socket_impl.cc:916] handshake failed; returned -1, SSL error code 1, net_error -113
Nov 19 15:38:09 jackr vivaldi_vivaldi-stable.desktop[112633]: [112633:112648:1119/153809.944538:ERROR:chromium/net/socket/ssl_client_socket_impl.cc:916] handshake failed; returned -1, SSL error code 1, net_error -113
Nov 19 15:38:16 jackr vivaldi_vivaldi-stable.desktop[112633]: [112633:112648:1119/153816.394776:ERROR:chromium/net/socket/ssl_client_socket_impl.cc:916] handshake failed; returned -1, SSL error code 1, net_error -113
Nov 19 15:38:16 jackr vivaldi_vivaldi-stable.desktop[112633]: [112633:112648:1119/153816.441738:ERROR:chromium/net/socket/ssl_client_socket_impl.cc:916] handshake failed; returned -1, SSL error code 1, net_error -113
Nov 19 15:38:16 jackr vivaldi_vivaldi-stable.desktop[112633]: [112633:112648:1119/153816.901428:ERROR:chromium/net/socket/ssl_client_socket_impl.cc:916] handshake failed; returned -1, SSL error code 1, net_error -113
Nov 19 15:38:16 jackr vivaldi_vivaldi-stable.desktop[112633]: [112633:112648:1119/153816.949049:ERROR:chromium/net/socket/ssl_client_socket_impl.cc:916] handshake failed; returned -1, SSL error code 1, net_error -113
Nov 19 15:38:23 jackr vivaldi_vivaldi-stable.desktop[112633]: [112633:112648:1119/153823.726506:ERROR:chromium/net/socket/ssl_client_socket_impl.cc:916] handshake failed; returned -1, SSL error code 1, net_error -113
Nov 19 15:38:23 jackr vivaldi_vivaldi-stable.desktop[112633]: [112633:112648:1119/153823.785093:ERROR:chromium/net/socket/ssl_client_socket_impl.cc:916] handshake failed; returned -1, SSL error code 1, net_error -113
Nov 19 15:38:23 jackr vivaldi_vivaldi-stable.desktop[112633]: [112633:112648:1119/153823.992181:ERROR:chromium/net/socket/ssl_client_socket_impl.cc:916] handshake failed; returned -1, SSL error code 1, net_error -113
Nov 19 15:38:24 jackr vivaldi_vivaldi-stable.desktop[112633]: [112633:112648:1119/153824.061322:ERROR:chromium/net/socket/ssl_client_socket_impl.cc:916] handshake failed; returned -1, SSL error code 1, net_error -113
Nov 19 15:38:48 jackr kactivitymanagerd[71836]: kf.service.services: Parsing "exist Exec and Exec ~~ 'env BAMF_DESKTOP_FILE_HINT=/var/lib/snapd/desktop/applications/vivaldi_vivaldi-stable.desktop /snap/bin/vivaldi.vivaldi-stable '\\''--class=Vivaldi-snap'\\'' %U'" gave: syntax error
Nov 19 15:38:49 jackr kactivitymanagerd[71836]: kf.service.services: Parsing "exist Exec and Exec ~~ '/snap/bin/vivaldi.vivaldi-stable '\\''--class=Vivaldi-snap'\\'' %U'" gave: syntax error
Nov 19 15:38:49 jackr kactivitymanagerd[71836]: message repeated 3 times: [ kf.service.services: Parsing "exist Exec and Exec ~~ '/snap/bin/vivaldi.vivaldi-stable '\\''--class=Vivaldi-snap'\\'' %U'" gave: syntax error]
Nov 19 15:38:49 jackr kactivitymanagerd[71836]: Unrecognized ckf.service.services: Parsing "exist Exec and Exec ~~ '/snap/bin/vivaldi.vivaldi-stable '\\''--class=Vivaldi-snap'\\'' %U'" gave: syntax error
Nov 19 15:39:10 jackr kactivitymanagerd[71836]: kf.service.services: Parsing "exist Exec and Exec ~~ 'env BAMF_DESKTOP_FILE_HINT=/var/lib/snapd/desktop/applications/vivaldi_vivaldi-stable.desktop /snap/bin/vivaldi.vivaldi-stable '\\''--class=Vivaldi-snap'\\'' %U'" gave: syntax error
Nov 19 15:39:10 jackr kactivitymanagerd[71836]: kf.service.services: Parsing "exist Exec and Exec ~~ '/snap/bin/vivaldi.vivaldi-stable '\\''--class=Vivaldi-snap'\\'' %U'" gave: syntax error
Nov 19 15:39:11 jackr kactivitymanagerd[71836]: message repeated 4 times: [ kf.service.services: Parsing "exist Exec and Exec ~~ '/snap/bin/vivaldi.vivaldi-stable '\\''--class=Vivaldi-snap'\\'' %U'" gave: syntax error]
Nov 19 15:41:04 jackr kactivitymanagerd[71836]: kf.service.services: Parsing "exist Exec and Exec ~~ 'env BAMF_DESKTOP_FILE_HINT=/var/lib/snapd/desktop/applications/vivaldi_vivaldi-stable.desktop /snap/bin/vivaldi.vivaldi-stable '\\''--class=Vivaldi-snap'\\'' %U'" gave: syntax error
Nov 19 15:41:05 jackr kactivitymanagerd[71836]: kf.service.services: Parsing "exist Exec and Exec ~~ '/snap/bin/vivaldi.vivaldi-stable '\\''--class=Vivaldi-snap'\\'' %U'" gave: syntax error
Nov 19 15:41:05 jackr kactivitymanagerd[71836]: message repeated 4 times: [ kf.service.services: Parsing "exist Exec and Exec ~~ '/snap/bin/vivaldi.vivaldi-stable '\\''--class=Vivaldi-snap'\\'' %U'" gave: syntax error]
Nov 19 15:41:54 jackr kactivitymanagerd[71836]: kf.service.services: Parsing "exist Exec and Exec ~~ 'env BAMF_DESKTOP_FILE_HINT=/var/lib/snapd/desktop/applications/vivaldi_vivaldi-stable.desktop /snap/bin/vivaldi.vivaldi-stable '\\''--class=Vivaldi-snap'\\'' %U'" gave: syntax error
Nov 19 15:41:54 jackr kactivitymanagerd[71836]: kf.service.services: Parsing "exist Exec and Exec ~~ '/snap/bin/vivaldi.vivaldi-stable '\\''--class=Vivaldi-snap'\\'' %U'" gave: syntax error
Nov 19 15:41:54 jackr kactivitymanagerd[71836]: message repeated 4 times: [ kf.service.services: Parsing "exist Exec and Exec ~~ '/snap/bin/vivaldi.vivaldi-stable '\\''--class=Vivaldi-snap'\\'' %U'" gave: syntax error]
Nov 19 15:42:17 jackr kactivitymanagerd[71836]: kf.service.services: Parsing "exist Exec and Exec ~~ 'env BAMF_DESKTOP_FILE_HINT=/var/lib/snapd/desktop/applications/vivaldi_vivaldi-stable.desktop /snap/bin/vivaldi.vivaldi-stable '\\''--class=Vivaldi-snap'\\'' %U'" gave: syntax error
Nov 19 15:42:18 jackr kactivitymanagerd[71836]: kf.service.services: Parsing "exist Exec and Exec ~~ '/snap/bin/vivaldi.vivaldi-stable '\\''--class=Vivaldi-snap'\\'' %U'" gave: syntax error
Nov 19 15:42:18 jackr kactivitymanagerd[71836]: message repeated 4 times: [ kf.service.services: Parsing "exist Exec and Exec ~~ '/snap/bin/vivaldi.vivaldi-stable '\\''--class=Vivaldi-snap'\\'' %U'" gave: syntax error]
Nov 19 15:48:15 jackr discord_discord.desktop[115864]: [115864:1119/154815.781367:ERROR:object_proxy.cc(576)] Failed to call method: org.freedesktop.login1.Manager.Inhibit: object_path= /org/freedesktop/login1: org.freedesktop.DBus.Error.AccessDenied: An AppArmor policy prevents this sender from sending this message to this recipient; type="method_call", sender=":1.1313" (uid=1000 pid=115864 comm="/snap/discord/258/usr/share/discord/Discord --use-" label="snap.discord.discord (enforce)") interface="org.freedesktop.login1.Manager" member="Inhibit" error name="(unset)" requested_reply="0" destination="org.freedesktop.login1" (uid=0 pid=859 comm="/lib/systemd/systemd-logind " label="unconfined")
Nov 19 15:48:15 jackr ubuntu-appindicators@ubuntu.com[1972]: Impossible to send about-to-show to menu: Gio.DBusError: GDBus.Error:org.freedesktop.DBus.Error.Failed: error occurred in AboutToShow
Nov 19 15:48:18 jackr ubuntu-appindicators@ubuntu.com[1972]: Impossible to send about-to-show to menu: Gio.DBusError: GDBus.Error:org.freedesktop.DBus.Error.Failed: error occurred in AboutToShow
Nov 19 15:48:19 jackr discord_discord.desktop[115864]: [115864:1119/154819.369537:ERROR:object_proxy.cc(576)] Failed to call method: org.freedesktop.Secret.Service.ReadAlias: object_path= /org/freedesktop/secrets: org.freedesktop.DBus.Error.AccessDenied: An AppArmor policy prevents this sender from sending this message to this recipient; type="method_call", sender=":1.2646" (uid=1000 pid=115864 comm="/snap/discord/258/usr/share/discord/Discord --use-" label="snap.discord.discord (enforce)") interface="org.freedesktop.Secret.Service" member="ReadAlias" error name="(unset)" requested_reply="0" destination="org.freedesktop.secrets" (uid=1000 pid=1812 comm="/usr/bin/gnome-keyring-daemon --daemonize --login " label="unconfined")
Nov 19 15:50:44 jackr kactivitymanagerd[71836]: kf.service.services: Parsing "exist Exec and Exec ~~ 'env BAMF_DESKTOP_FILE_HINT=/var/lib/snapd/desktop/applications/vivaldi_vivaldi-stable.desktop /snap/bin/vivaldi.vivaldi-stable '\\''--class=Vivaldi-snap'\\'' %U'" gave: syntax error
Nov 19 15:50:44 jackr kactivitymanagerd[71836]: kf.service.services: Parsing "exist Exec and Exec ~~ '/snap/bin/vivaldi.vivaldi-stable '\\''--class=Vivaldi-snap'\\'' %U'" gave: syntax error
Nov 19 15:50:44 jackr kactivitymanagerd[71836]: message repeated 4 times: [ kf.service.services: Parsing "exist Exec and Exec ~~ '/snap/bin/vivaldi.vivaldi-stable '\\''--class=Vivaldi-snap'\\'' %U'" gave: syntax error]
Nov 19 15:50:49 jackr kactivitymanagerd[71836]: kf.service.services: Parsing "exist Exec and Exec ~~ 'env BAMF_DESKTOP_FILE_HINT=/var/lib/snapd/desktop/applications/vivaldi_vivaldi-stable.desktop /snap/bin/vivaldi.vivaldi-stable '\\''--class=Vivaldi-snap'\\'' %U'" gave: syntax error
Nov 19 15:50:50 jackr kactivitymanagerd[71836]: kf.service.services: Parsing "exist Exec and Exec ~~ '/snap/bin/vivaldi.vivaldi-stable '\\''--class=Vivaldi-snap'\\'' %U'" gave: syntax error
Nov 19 15:50:50 jackr kactivitymanagerd[71836]: message repeated 4 times: [ kf.service.services: Parsing "exist Exec and Exec ~~ '/snap/bin/vivaldi.vivaldi-stable '\\''--class=Vivaldi-snap'\\'' %U'" gave: syntax error]
Nov 19 15:51:00 jackr kactivitymanagerd[71836]: kf.service.services: Parsing "exist Exec and Exec ~~ 'env BAMF_DESKTOP_FILE_HINT=/var/lib/snapd/desktop/applications/vivaldi_vivaldi-stable.desktop /snap/bin/vivaldi.vivaldi-stable '\\''--class=Vivaldi-snap'\\'' %U'" gave: syntax error
Nov 19 15:51:01 jackr kactivitymanagerd[71836]: kf.service.services: Parsing "exist Exec and Exec ~~ '/snap/bin/vivaldi.vivaldi-stable '\\''--class=Vivaldi-snap'\\'' %U'" gave: syntax error
Nov 19 15:51:01 jackr kactivitymanagerd[71836]: message repeated 4 times: [ kf.service.services: Parsing "exist Exec and Exec ~~ '/snap/bin/vivaldi.vivaldi-stable '\\''--class=Vivaldi-snap'\\'' %U'" gave: syntax error]
Nov 19 15:53:41 jackr kactivitymanagerd[71836]: kf.service.services: Parsing "exist Exec and Exec ~~ 'env BAMF_DESKTOP_FILE_HINT=/var/lib/snapd/desktop/applications/vivaldi_vivaldi-stable.desktop /snap/bin/vivaldi.vivaldi-stable '\\''--class=Vivaldi-snap'\\'' %U'" gave: syntax error
Nov 19 15:53:42 jackr kactivitymanagerd[71836]: kf.service.services: Parsing "exist Exec and Exec ~~ '/snap/bin/vivaldi.vivaldi-stable '\\''--class=Vivaldi-snap'\\'' %U'" gave: syntax error
Nov 19 15:53:42 jackr kactivitymanagerd[71836]: message repeated 4 times: [ kf.service.services: Parsing "exist Exec and Exec ~~ '/snap/bin/vivaldi.vivaldi-stable '\\''--class=Vivaldi-snap'\\'' %U'" gave: syntax error]
Nov 19 15:54:44 jackr kactivitymanagerd[71836]: kf.service.services: Parsing "exist Exec and Exec ~~ 'env BAMF_DESKTOP_FILE_HINT=/var/lib/snapd/desktop/applications/vivaldi_vivaldi-stable.desktop /snap/bin/vivaldi.vivaldi-stable '\\''--class=Vivaldi-snap'\\'' %U'" gave: syntax error
Nov 19 15:54:44 jackr kactivitymanagerd[71836]: kf.service.services: Parsing "exist Exec and Exec ~~ '/snap/bin/vivaldi.vivaldi-stable '\\''--class=Vivaldi-snap'\\'' %U'" gave: syntax error
Nov 19 15:54:44 jackr kactivitymanagerd[71836]: message repeated 4 times: [ kf.service.services: Parsing "exist Exec and Exec ~~ '/snap/bin/vivaldi.vivaldi-stable '\\''--class=Vivaldi-snap'\\'' %U'" gave: syntax error]
Nov 19 15:58:42 jackr kactivitymanagerd[71836]: kf.service.services: Parsing "exist Exec and Exec ~~ 'env BAMF_DESKTOP_FILE_HINT=/var/lib/snapd/desktop/applications/vivaldi_vivaldi-stable.desktop /snap/bin/vivaldi.vivaldi-stable '\\''--class=Vivaldi-snap'\\'' %U'" gave: syntax error
Nov 19 15:58:42 jackr kactivitymanagerd[71836]: kf.service.services: Parsing "exist Exec and Exec ~~ '/snap/bin/vivaldi.vivaldi-stable '\\''--class=Vivaldi-snap'\\'' %U'" gave: syntax error
Nov 19 15:58:43 jackr kactivitymanagerd[71836]: message repeated 4 times: [ kf.service.services: Parsing "exist Exec and Exec ~~ '/snap/bin/vivaldi.vivaldi-stable '\\''--class=Vivaldi-snap'\\'' %U'" gave: syntax error]
Nov 19 15:58:49 jackr kactivitymanagerd[71836]: kf.service.services: Parsing "exist Exec and Exec ~~ 'env BAMF_DESKTOP_FILE_HINT=/var/lib/snapd/desktop/applications/vivaldi_vivaldi-stable.desktop /snap/bin/vivaldi.vivaldi-stable '\\''--class=Vivaldi-snap'\\'' %U'" gave: syntax error
Nov 19 15:58:49 jackr kactivitymanagerd[71836]: kf.service.services: Parsing "exist Exec and Exec ~~ '/snap/bin/vivaldi.vivaldi-stable '\\''--class=Vivaldi-snap'\\'' %U'" gave: syntax error
Nov 19 15:58:49 jackr kactivitymanagerd[71836]: message repeated 4 times: [ kf.service.services: Parsing "exist Exec and Exec ~~ '/snap/bin/vivaldi.vivaldi-stable '\\''--class=Vivaldi-snap'\\'' %U'" gave: syntax error]
Nov 19 16:01:22 jackr kactivitymanagerd[71836]: kf.service.services: Parsing "exist Exec and Exec ~~ 'env BAMF_DESKTOP_FILE_HINT=/var/lib/snapd/desktop/applications/vivaldi_vivaldi-stable.desktop /snap/bin/vivaldi.vivaldi-stable '\\''--class=Vivaldi-snap'\\'' %U'" gave: syntax error
Nov 19 16:01:22 jackr kactivitymanagerd[71836]: kf.service.services: Parsing "exist Exec and Exec ~~ '/snap/bin/vivaldi.vivaldi-stable '\\''--class=Vivaldi-snap'\\'' %U'" gave: syntax error
Nov 19 16:01:22 jackr kactivitymanagerd[71836]: message repeated 4 times: [ kf.service.services: Parsing "exist Exec and Exec ~~ '/snap/bin/vivaldi.vivaldi-stable '\\''--class=Vivaldi-snap'\\'' %U'" gave: syntax error]
Nov 19 16:01:43 jackr kactivitymanagerd[71836]: kf.service.services: Parsing "exist Exec and Exec ~~ 'env BAMF_DESKTOP_FILE_HINT=/var/lib/snapd/desktop/applications/vivaldi_vivaldi-stable.desktop /snap/bin/vivaldi.vivaldi-stable '\\''--class=Vivaldi-snap'\\'' %U'" gave: syntax error
Nov 19 16:01:44 jackr kactivitymanagerd[71836]: kf.service.services: Parsing "exist Exec and Exec ~~ '/snap/bin/vivaldi.vivaldi-stable '\\''--class=Vivaldi-snap'\\'' %U'" gave: syntax error
Nov 19 16:01:44 jackr kactivitymanagerd[71836]: message repeated 4 times: [ kf.service.services: Parsing "exist Exec and Exec ~~ '/snap/bin/vivaldi.vivaldi-stable '\\''--class=Vivaldi-snap'\\'' %U'" gave: syntax error]
Nov 19 16:02:22 jackr kactivitymanagerd[71836]: kf.service.services: Parsing "exist Exec and Exec ~~ 'env BAMF_DESKTOP_FILE_HINT=/var/lib/snapd/desktop/applications/vivaldi_vivaldi-stable.desktop /snap/bin/vivaldi.vivaldi-stable '\\''--class=Vivaldi-snap'\\'' %U'" gave: syntax error
Nov 19 16:02:22 jackr kactivitymanagerd[71836]: kf.service.services: Parsing "exist Exec and Exec ~~ '/snap/bin/vivaldi.vivaldi-stable '\\''--class=Vivaldi-snap'\\'' %U'" gave: syntax error
Nov 19 16:02:22 jackr kactivitymanagerd[71836]: message repeated 4 times: [ kf.service.services: Parsing "exist Exec and Exec ~~ '/snap/bin/vivaldi.vivaldi-stable '\\''--class=Vivaldi-snap'\\'' %U'" gave: syntax error]
Nov 19 16:02:28 jackr kactivitymanagerd[71836]: kf.service.services: Parsing "exist Exec and Exec ~~ 'env BAMF_DESKTOP_FILE_HINT=/var/lib/snapd/desktop/applications/vivaldi_vivaldi-stable.desktop /snap/bin/vivaldi.vivaldi-stable '\\''--class=Vivaldi-snap'\\'' %U'" gave: syntax error
Nov 19 16:02:28 jackr kactivitymanagerd[71836]: kf.service.services: Parsing "exist Exec and Exec ~~ '/snap/bin/vivaldi.vivaldi-stable '\\''--class=Vivaldi-snap'\\'' %U'" gave: syntax error
Nov 19 16:02:28 jackr kactivitymanagerd[71836]: message repeated 4 times: [ kf.service.services: Parsing "exist Exec and Exec ~~ '/snap/bin/vivaldi.vivaldi-stable '\\''--class=Vivaldi-snap'\\'' %U'" gave: syntax error]
Nov 19 16:05:11 jackr kactivitymanagerd[71836]: kf.service.services: Parsing "exist Exec and Exec ~~ 'env BAMF_DESKTOP_FILE_HINT=/var/lib/snapd/desktop/applications/vivaldi_vivaldi-stable.desktop /snap/bin/vivaldi.vivaldi-stable '\\''--class=Vivaldi-snap'\\'' %U'" gave: syntax error
Nov 19 16:05:12 jackr kactivitymanagerd[71836]: kf.service.services: Parsing "exist Exec and Exec ~~ '/snap/bin/vivaldi.vivaldi-stable '\\''--class=Vivaldi-snap'\\'' %U'" gave: syntax error
Nov 19 16:05:12 jackr kactivitymanagerd[71836]: message repeated 4 times: [ kf.service.services: Parsing "exist Exec and Exec ~~ '/snap/bin/vivaldi.vivaldi-stable '\\''--class=Vivaldi-snap'\\'' %U'" gave: syntax error]
Nov 19 16:05:36 jackr kactivitymanagerd[71836]: kf.service.services: Parsing "exist Exec and Exec ~~ 'env BAMF_DESKTOP_FILE_HINT=/var/lib/snapd/desktop/applications/vivaldi_vivaldi-stable.desktop /snap/bin/vivaldi.vivaldi-stable '\\''--class=Vivaldi-snap'\\'' %U'" gave: syntax error
Nov 19 16:05:36 jackr kactivitymanagerd[71836]: kf.service.services: Parsing "exist Exec and Exec ~~ '/snap/bin/vivaldi.vivaldi-stable '\\''--class=Vivaldi-snap'\\'' %U'" gave: syntax error
Nov 19 16:05:36 jackr kactivitymanagerd[71836]: message repeated 4 times: [ kf.service.services: Parsing "exist Exec and Exec ~~ '/snap/bin/vivaldi.vivaldi-stable '\\''--class=Vivaldi-snap'\\'' %U'" gave: syntax error]
Nov 19 16:06:01 jackr kactivitymanagerd[71836]: kf.service.services: Parsing "exist Exec and Exec ~~ 'env BAMF_DESKTOP_FILE_HINT=/var/lib/snapd/desktop/applications/vivaldi_vivaldi-stable.desktop /snap/bin/vivaldi.vivaldi-stable '\\''--class=Vivaldi-snap'\\'' %U'" gave: syntax error
Nov 19 16:06:02 jackr kactivitymanagerd[71836]: kf.service.services: Parsing "exist Exec and Exec ~~ '/snap/bin/vivaldi.vivaldi-stable '\\''--class=Vivaldi-snap'\\'' %U'" gave: syntax error
Nov 19 16:06:02 jackr kactivitymanagerd[71836]: message repeated 4 times: [ kf.service.services: Parsing "exist Exec and Exec ~~ '/snap/bin/vivaldi.vivaldi-stable '\\''--class=Vivaldi-snap'\\'' %U'" gave: syntax error]
Nov 19 16:08:09 jackr kactivitymanagerd[71836]: kf.service.services: Parsing "exist Exec and Exec ~~ 'env BAMF_DESKTOP_FILE_HINT=/var/lib/snapd/desktop/applications/vivaldi_vivaldi-stable.desktop /snap/bin/vivaldi.vivaldi-stable '\\''--class=Vivaldi-snap'\\'' %U'" gave: syntax error
Nov 19 16:08:09 jackr kactivitymanagerd[71836]: kf.service.services: Parsing "exist Exec and Exec ~~ '/snap/bin/vivaldi.vivaldi-stable '\\''--class=Vivaldi-snap'\\'' %U'" gave: syntax error
Nov 19 16:08:09 jackr kactivitymanagerd[71836]: message repeated 4 times: [ kf.service.services: Parsing "exist Exec and Exec ~~ '/snap/bin/vivaldi.vivaldi-stable '\\''--class=Vivaldi-snap'\\'' %U'" gave: syntax error]
Nov 19 16:08:14 jackr kactivitymanagerd[71836]: kf.service.services: Parsing "exist Exec and Exec ~~ 'env BAMF_DESKTOP_FILE_HINT=/var/lib/snapd/desktop/applications/vivaldi_vivaldi-stable.desktop /snap/bin/vivaldi.vivaldi-stable '\\''--class=Vivaldi-snap'\\'' %U'" gave: syntax error
Nov 19 16:08:15 jackr kactivitymanagerd[71836]: kf.service.services: Parsing "exist Exec and Exec ~~ '/snap/bin/vivaldi.vivaldi-stable '\\''--class=Vivaldi-snap'\\'' %U'" gave: syntax error
Nov 19 16:08:15 jackr kactivitymanagerd[71836]: message repeated 4 times: [ kf.service.services: Parsing "exist Exec and Exec ~~ '/snap/bin/vivaldi.vivaldi-stable '\\''--class=Vivaldi-snap'\\'' %U'" gave: syntax error]
Nov 19 16:08:19 jackr kactivitymanagerd[71836]: kf.service.services: Parsing "exist Exec and Exec ~~ 'env BAMF_DESKTOP_FILE_HINT=/var/lib/snapd/desktop/applications/vivaldi_vivaldi-stable.desktop /snap/bin/vivaldi.vivaldi-stable '\\''--class=Vivaldi-snap'\\'' %U'" gave: syntax error
Nov 19 16:08:19 jackr kactivitymanagerd[71836]: kf.service.services: Parsing "exist Exec and Exec ~~ '/snap/bin/vivaldi.vivaldi-stable '\\''--class=Vivaldi-snap'\\'' %U'" gave: syntax error
Nov 19 16:08:19 jackr kactivitymanagerd[71836]: message repeated 4 times: [ kf.service.services: Parsing "exist Exec and Exec ~~ '/snap/bin/vivaldi.vivaldi-stable '\\''--class=Vivaldi-snap'\\'' %U'" gave: syntax error]
Nov 19 16:14:08 jackr kactivitymanagerd[71836]: kf.service.services: Parsing "exist Exec and Exec ~~ 'env BAMF_DESKTOP_FILE_HINT=/var/lib/snapd/desktop/applications/vivaldi_vivaldi-stable.desktop /snap/bin/vivaldi.vivaldi-stable '\\''--class=Vivaldi-snap'\\'' %U'" gave: syntax error
Nov 19 16:14:09 jackr kactivitymanagerd[71836]: kf.service.services: Parsing "exist Exec and Exec ~~ '/snap/bin/vivaldi.vivaldi-stable '\\''--class=Vivaldi-snap'\\'' %U'" gave: syntax error
Nov 19 16:14:09 jackr kactivitymanagerd[71836]: message repeated 4 times: [ kf.service.services: Parsing "exist Exec and Exec ~~ '/snap/bin/vivaldi.vivaldi-stable '\\''--class=Vivaldi-snap'\\'' %U'" gave: syntax error]
Nov 19 16:14:14 jackr kactivitymanagerd[71836]: kf.service.services: Parsing "exist Exec and Exec ~~ 'env BAMF_DESKTOP_FILE_HINT=/var/lib/snapd/desktop/applications/vivaldi_vivaldi-stable.desktop /snap/bin/vivaldi.vivaldi-stable '\\''--class=Vivaldi-snap'\\'' %U'" gave: syntax error
Nov 19 16:14:14 jackr kactivitymanagerd[71836]: kf.service.services: Parsing "exist Exec and Exec ~~ '/snap/bin/vivaldi.vivaldi-stable '\\''--class=Vivaldi-snap'\\'' %U'" gave: syntax error
Nov 19 16:14:14 jackr kactivitymanagerd[71836]: message repeated 4 times: [ kf.service.services: Parsing "exist Exec and Exec ~~ '/snap/bin/vivaldi.vivaldi-stable '\\''--class=Vivaldi-snap'\\'' %U'" gave: syntax error]
Nov 19 16:14:35 jackr kactivitymanagerd[71836]: kf.service.services: Parsing "exist Exec and Exec ~~ 'env BAMF_DESKTOP_FILE_HINT=/var/lib/snapd/desktop/applications/vivaldi_vivaldi-stable.desktop /snap/bin/vivaldi.vivaldi-stable '\\''--class=Vivaldi-snap'\\'' %U'" gave: syntax error
Nov 19 16:14:36 jackr kactivitymanagerd[71836]: kf.service.services: Parsing "exist Exec and Exec ~~ '/snap/bin/vivaldi.vivaldi-stable '\\''--class=Vivaldi-snap'\\'' %U'" gave: syntax error
Nov 19 16:14:36 jackr kactivitymanagerd[71836]: message repeated 4 times: [ kf.service.services: Parsing "exist Exec and Exec ~~ '/snap/bin/vivaldi.vivaldi-stable '\\''--class=Vivaldi-snap'\\'' %U'" gave: syntax error]
Nov 19 16:17:25 jackr kactivitymanagerd[71836]: kf.service.services: Parsing "exist Exec and Exec ~~ 'env BAMF_DESKTOP_FILE_HINT=/var/lib/snapd/desktop/applications/vivaldi_vivaldi-stable.desktop /snap/bin/vivaldi.vivaldi-stable '\\''--class=Vivaldi-snap'\\'' %U'" gave: syntax error
Nov 19 16:17:25 jackr kactivitymanagerd[71836]: kf.service.services: Parsing "exist Exec and Exec ~~ '/snap/bin/vivaldi.vivaldi-stable '\\''--class=Vivaldi-snap'\\'' %U'" gave: syntax error
Nov 19 16:17:25 jackr kactivitymanagerd[71836]: message repeated 4 times: [ kf.service.services: Parsing "exist Exec and Exec ~~ '/snap/bin/vivaldi.vivaldi-stable '\\''--class=Vivaldi-snap'\\'' %U'" gave: syntax error]
Nov 19 16:30:45 jackr kactivitymanagerd[71836]: kf.service.services: Parsing "exist Exec and Exec ~~ 'env BAMF_DESKTOP_FILE_HINT=/var/lib/snapd/desktop/applications/vivaldi_vivaldi-stable.desktop /snap/bin/vivaldi.vivaldi-stable '\\''--class=Vivaldi-snap'\\'' %U'" gave: syntax error
Nov 19 16:30:45 jackr kactivitymanagerd[71836]: kf.service.services: Parsing "exist Exec and Exec ~~ '/snap/bin/vivaldi.vivaldi-stable '\\''--class=Vivaldi-snap'\\'' %U'" gave: syntax error
Nov 19 16:30:45 jackr kactivitymanagerd[71836]: message repeated 4 times: [ kf.service.services: Parsing "exist Exec and Exec ~~ '/snap/bin/vivaldi.vivaldi-stable '\\''--class=Vivaldi-snap'\\'' %U'" gave: syntax error]
Nov 19 16:32:23 jackr kactivitymanagerd[71836]: kf.service.services: Parsing "exist Exec and Exec ~~ 'env BAMF_DESKTOP_FILE_HINT=/var/lib/snapd/desktop/applications/vivaldi_vivaldi-stable.desktop /snap/bin/vivaldi.vivaldi-stable '\\''--class=Vivaldi-snap'\\'' %U'" gave: syntax error
Nov 19 16:32:23 jackr kactivitymanagerd[71836]: Unkf.service.services: Parsing "exist Exec and Exec ~~ '/snap/bin/vivaldi.vivaldi-stable '\\''--class=Vivaldi-snap'\\'' %U'" gave: syntax error
Nov 19 16:32:24 jackr kactivitymanagerd[71836]: kf.service.services: Parsing "exist Exec and Exec ~~ '/snap/bin/vivaldi.vivaldi-stable '\\''--class=Vivaldi-snap'\\'' %U'" gave: syntax error
Nov 19 16:32:24 jackr kactivitymanagerd[71836]: message repeated 3 times: [ kf.service.services: Parsing "exist Exec and Exec ~~ '/snap/bin/vivaldi.vivaldi-stable '\\''--class=Vivaldi-snap'\\'' %U'" gave: syntax error]
Nov 19 16:35:00 jackr kactivitymanagerd[71836]: kf.service.services: Parsing "exist Exec and Exec ~~ 'env BAMF_DESKTOP_FILE_HINT=/var/lib/snapd/desktop/applications/vivaldi_vivaldi-stable.desktop /snap/bin/vivaldi.vivaldi-stable '\\''--class=Vivaldi-snap'\\'' %U'" gave: syntax error
Nov 19 16:35:01 jackr kactivitymanagerd[71836]: kf.service.services: Parsing "exist Exec and Exec ~~ '/snap/bin/vivaldi.vivaldi-stable '\\''--class=Vivaldi-snap'\\'' %U'" gave: syntax error
Nov 19 16:35:01 jackr kactivitymanagerd[71836]: message repeated 4 times: [ kf.service.services: Parsing "exist Exec and Exec ~~ '/snap/bin/vivaldi.vivaldi-stable '\\''--class=Vivaldi-snap'\\'' %U'" gave: syntax error]
Nov 19 16:36:29 jackr kernel: [43750.903070] Bluetooth: hci0: hardware error 0x3a
Nov 19 16:42:01 jackr kactivitymanagerd[71836]: kf.service.services: Parsing "exist Exec and Exec ~~ 'env BAMF_DESKTOP_FILE_HINT=/var/lib/snapd/desktop/applications/vivaldi_vivaldi-stable.desktop /snap/bin/vivaldi.vivaldi-stable '\\''--class=Vivaldi-snap'\\'' %U'" gave: syntax error
Nov 19 16:42:02 jackr kactivitymanagerd[71836]: kf.service.services: Parsing "exist Exec and Exec ~~ '/snap/bin/vivaldi.vivaldi-stable '\\''--class=Vivaldi-snap'\\'' %U'" gave: syntax error
Nov 19 16:42:02 jackr kactivitymanagerd[71836]: message repeated 4 times: [ kf.service.services: Parsing "exist Exec and Exec ~~ '/snap/bin/vivaldi.vivaldi-stable '\\''--class=Vivaldi-snap'\\'' %U'" gave: syntax error]
Nov 19 16:42:11 jackr kactivitymanagerd[71836]: kf.service.services: Parsing "exist Exec and Exec ~~ 'env BAMF_DESKTOP_FILE_HINT=/var/lib/snapd/desktop/applications/vivaldi_vivaldi-stable.desktop /snap/bin/vivaldi.vivaldi-stable '\\''--class=Vivaldi-snap'\\'' %U'" gave: syntax error
Nov 19 16:42:11 jackr kactivitymanagerd[71836]: kf.service.services: Parsing "exist Exec and Exec ~~ '/snap/bin/vivaldi.vivaldi-stable '\\''--class=Vivaldi-snap'\\'' %U'" gave: syntax error
Nov 19 16:42:11 jackr kactivitymanagerd[71836]: message repeated 4 times: [ kf.service.services: Parsing "exist Exec and Exec ~~ '/snap/bin/vivaldi.vivaldi-stable '\\''--class=Vivaldi-snap'\\'' %U'" gave: syntax error]
Nov 19 16:43:49 jackr vivaldi_vivaldi-stable.desktop[120646]: Fontconfig error: Cannot load default config file: File not found: /snap/vivaldi/309/gnome-platform/etc/fonts/fonts.conf
Nov 19 16:49:16 jackr kactivitymanagerd[71836]: kf.service.services: Parsing "exist Exec and Exec ~~ 'env BAMF_DESKTOP_FILE_HINT=/var/lib/snapd/desktop/applications/vivaldi_vivaldi-stable.desktop /snap/bin/vivaldi.vivaldi-stable '\\''--class=Vivaldi-snap'\\'' %U'" gave: syntax error
Nov 19 16:49:17 jackr kactivitymanagerd[71836]: kf.service.services: Parsing "exist Exec and Exec ~~ '/snap/bin/vivaldi.vivaldi-stable '\\''--class=Vivaldi-snap'\\'' %U'" gave: syntax error
Nov 19 16:49:17 jackr kactivitymanagerd[71836]: message repeated 4 times: [ kf.service.services: Parsing "exist Exec and Exec ~~ '/snap/bin/vivaldi.vivaldi-stable '\\''--class=Vivaldi-snap'\\'' %U'" gave: syntax error]
Nov 19 16:49:53 jackr kactivitymanagerd[71836]: kf.service.services: Parsing "exist Exec and Exec ~~ 'env BAMF_DESKTOP_FILE_HINT=/var/lib/snapd/desktop/applications/vivaldi_vivaldi-stable.desktop /snap/bin/vivaldi.vivaldi-stable '\\''--class=Vivaldi-snap'\\'' %U'" gave: syntax error
Nov 19 16:49:53 jackr kactivitymanagerd[71836]: kf.service.services: Parsing "exist Exec and Exec ~~ '/snap/bin/vivaldi.vivaldi-stable '\\''--class=Vivaldi-snap'\\'' %U'" gave: syntax error
Nov 19 16:49:53 jackr kactivitymanagerd[71836]: message repeated 4 times: [ kf.service.services: Parsing "exist Exec and Exec ~~ '/snap/bin/vivaldi.vivaldi-stable '\\''--class=Vivaldi-snap'\\'' %U'" gave: syntax error]
Nov 19 16:50:20 jackr kactivitymanagerd[71836]: kf.service.services: Parsing "exist Exec and Exec ~~ 'env BAMF_DESKTOP_FILE_HINT=/var/lib/snapd/desktop/applications/vivaldi_vivaldi-stable.desktop /snap/bin/vivaldi.vivaldi-stable '\\''--class=Vivaldi-snap'\\'' %U'" gave: syntax error
Nov 19 16:50:20 jackr kactivitymanagerd[71836]: kf.service.services: Parsing "exist Exec and Exec ~~ '/snap/bin/vivaldi.vivaldi-stable '\\''--class=Vivaldi-snap'\\'' %U'" gave: syntax error
Nov 19 16:50:21 jackr kactivitymanagerd[71836]: message repeated 4 times: [ kf.service.services: Parsing "exist Exec and Exec ~~ '/snap/bin/vivaldi.vivaldi-stable '\\''--class=Vivaldi-snap'\\'' %U'" gave: syntax error]
Nov 19 16:52:36 jackr kactivitymanagerd[71836]: kf.service.services: Parsing "exist Exec and Exec ~~ 'env BAMF_DESKTOP_FILE_HINT=/var/lib/snapd/desktop/applications/vivaldi_vivaldi-stable.desktop /snap/bin/vivaldi.vivaldi-stable '\\''--class=Vivaldi-snap'\\'' %U'" gave: syntax error
Nov 19 16:52:36 jackr kactivitymanagerd[71836]: kf.service.services: Parsing "exist Exec and Exec ~~ '/snap/bin/vivaldi.vivaldi-stable '\\''--class=Vivaldi-snap'\\'' %U'" gave: syntax error
Nov 19 16:52:36 jackr kactivitymanagerd[71836]: message repeated 4 times: [ kf.service.services: Parsing "exist Exec and Exec ~~ '/snap/bin/vivaldi.vivaldi-stable '\\''--class=Vivaldi-snap'\\'' %U'" gave: syntax error]
Nov 19 16:53:09 jackr kactivitymanagerd[71836]: kf.service.services: Parsing "exist Exec and Exec ~~ 'env BAMF_DESKTOP_FILE_HINT=/var/lib/snapd/desktop/applications/vivaldi_vivaldi-stable.desktop /snap/bin/vivaldi.vivaldi-stable '\\''--class=Vivaldi-snap'\\'' %U'" gave: syntax error
Nov 19 16:53:10 jackr kactivitymanagerd[71836]: kf.service.services: Parsing "exist Exec and Exec ~~ '/snap/bin/vivaldi.vivaldi-stable '\\''--class=Vivaldi-snap'\\'' %U'" gave: syntax error
Nov 19 16:53:10 jackr kactivitymanagerd[71836]: message repeated 4 times: [ kf.service.services: Parsing "exist Exec and Exec ~~ '/snap/bin/vivaldi.vivaldi-stable '\\''--class=Vivaldi-snap'\\'' %U'" gave: syntax error]
Nov 19 17:07:10 jackr vivaldi_vivaldi-stable.desktop[122382]: [122382:122382:1119/170710.840747:ERROR:chromium/dbus/object_proxy.cc:573] Failed to call method: org.gnome.Mutter.IdleMonitor.AddIdleWatch: object_path= /org/gnome/Mutter/IdleMonitor/Core: org.freedesktop.DBus.Error.AccessDenied: An AppArmor policy prevents this sender from sending this message to this recipient; type="method_call", sender=":1.2783" (uid=1000 pid=122382 comm="/snap/vivaldi/309/opt/vivaldi/vivaldi --password-s" label="snap.vivaldi.vivaldi-stable (enforce)") interface="org.gnome.Mutter.IdleMonitor" member="AddIdleWatch" error name="(unset)" requested_reply="0" destination="org.gnome.Mutter.IdleMonitor" (uid=1000 pid=1972 comm="/usr/bin/gnome-shell " label="unconfined")
Nov 19 17:07:14 jackr vivaldi_vivaldi-stable.desktop[122382]: [122382:122462:1119/170714.091313:ERROR:chromium/google_apis/gcm/engine/registration_request.cc:292] Registration response error message: DEPRECATED_ENDPOINT
Nov 19 17:07:37 jackr vivaldi_vivaldi-stable.desktop[122382]: [122382:122462:1119/170737.168855:ERROR:chromium/google_apis/gcm/engine/registration_request.cc:292] Registration response error message: DEPRECATED_ENDPOINT
Nov 19 17:08:29 jackr vivaldi_vivaldi-stable.desktop[122382]: [122382:122462:1119/170829.020635:ERROR:chromium/google_apis/gcm/engine/registration_request.cc:292] Registration response error message: DEPRECATED_ENDPOINT
Nov 19 17:09:29 jackr kactivitymanagerd[71836]: kf.service.services: Parsing "exist Exec and Exec ~~ 'env BAMF_DESKTOP_FILE_HINT=/var/lib/snapd/desktop/applications/vivaldi_vivaldi-stable.desktop /snap/bin/vivaldi.vivaldi-stable '\\''--class=Vivaldi-snap'\\'' %U'" gave: syntax error
Nov 19 17:09:29 jackr kactivitymanagerd[71836]: kf.service.services: Parsing "exist Exec and Exec ~~ '/snap/bin/vivaldi.vivaldi-stable '\\''--class=Vivaldi-snap'\\'' %U'" gave: syntax error
Nov 19 17:09:29 jackr kactivitymanagerd[71836]: message repeated 4 times: [ kf.service.services: Parsing "exist Exec and Exec ~~ '/snap/bin/vivaldi.vivaldi-stable '\\''--class=Vivaldi-snap'\\'' %U'" gave: syntax error]
Nov 19 17:09:50 jackr vivaldi_vivaldi-stable.desktop[122382]: [122382:122462:1119/170950.138178:ERROR:chromium/google_apis/gcm/engine/registration_request.cc:292] Registration response error message: DEPRECATED_ENDPOINT
Nov 19 17:10:05 jackr kactivitymanagerd[71836]: kf.service.services: Parsing "exist Exec and Exec ~~ 'env BAMF_DESKTOP_FILE_HINT=/var/lib/snapd/desktop/applications/vivaldi_vivaldi-stable.desktop /snap/bin/vivaldi.vivaldi-stable '\\''--class=Vivaldi-snap'\\'' %U'" gave: syntax error
Nov 19 17:10:05 jackr kactivitymanagerd[71836]: kf.service.services: Parsing "exist Exec and Exec ~~ '/snap/bin/vivaldi.vivaldi-stable '\\''--class=Vivaldi-snap'\\'' %U'" gave: syntax error
Nov 19 17:10:05 jackr kactivitymanagerd[71836]: message repeated 4 times: [ kf.service.services: Parsing "exist Exec and Exec ~~ '/snap/bin/vivaldi.vivaldi-stable '\\''--class=Vivaldi-snap'\\'' %U'" gave: syntax error]
Nov 19 17:13:40 jackr vivaldi_vivaldi-stable.desktop[122382]: [122382:122462:1119/171340.743887:ERROR:chromium/google_apis/gcm/engine/registration_request.cc:292] Registration response error message: DEPRECATED_ENDPOINT
Nov 19 17:19:23 jackr vivaldi_vivaldi-stable.desktop[122382]: [122382:122462:1119/171923.897845:ERROR:chromium/google_apis/gcm/engine/registration_request.cc:292] Registration response error message: DEPRECATED_ENDPOINT
Nov 19 17:19:29 jackr kactivitymanagerd[71836]: kf.service.services: Parsing "exist Exec and Exec ~~ 'env BAMF_DESKTOP_FILE_HINT=/var/lib/snapd/desktop/applications/vivaldi_vivaldi-stable.desktop /snap/bin/vivaldi.vivaldi-stable '\\''--class=Vivaldi-snap'\\'' %U'" gave: syntax error
Nov 19 17:19:29 jackr kactivitymanagerd[71836]: kf.service.services: Parsing "exist Exec and Exec ~~ '/snap/bin/vivaldi.vivaldi-stable '\\''--class=Vivaldi-snap'\\'' %U'" gave: syntax error
Nov 19 17:19:29 jackr kactivitymanagerd[71836]: message repeated 4 times: [ kf.service.services: Parsing "exist Exec and Exec ~~ '/snap/bin/vivaldi.vivaldi-stable '\\''--class=Vivaldi-snap'\\'' %U'" gave: syntax error]
Nov 19 17:21:44 jackr vivaldi_vivaldi-stable.desktop[122510]: [122510:122528:1119/172144.806611:ERROR:chromium/net/socket/ssl_client_socket_impl.cc:916] handshake failed; returned -1, SSL error code 1, net_error -113
Nov 19 17:21:45 jackr vivaldi_vivaldi-stable.desktop[122510]: [122510:122528:1119/172145.058552:ERROR:chromium/net/socket/ssl_client_socket_impl.cc:916] handshake failed; returned -1, SSL error code 1, net_error -113
Nov 19 17:21:46 jackr vivaldi_vivaldi-stable.desktop[122510]: [122510:122528:1119/172146.875127:ERROR:chromium/net/socket/ssl_client_socket_impl.cc:916] handshake failed; returned -1, SSL error code 1, net_error -113
Nov 19 17:21:47 jackr vivaldi_vivaldi-stable.desktop[122510]: [122510:122528:1119/172147.483834:ERROR:chromium/net/socket/ssl_client_socket_impl.cc:916] handshake failed; returned -1, SSL error code 1, net_error -113
Nov 19 17:22:14 jackr vivaldi_vivaldi-stable.desktop[122510]: [122510:122528:1119/172214.146164:ERROR:chromium/net/socket/ssl_client_socket_impl.cc:916] handshake failed; returned -1, SSL error code 1, net_error -113
Nov 19 17:22:14 jackr vivaldi_vivaldi-stable.desktop[122510]: [122510:122528:1119/172214.195152:ERROR:chromium/net/socket/ssl_client_socket_impl.cc:916] handshake failed; returned -1, SSL error code 1, net_error -113
Nov 19 17:22:14 jackr vivaldi_vivaldi-stable.desktop[122510]: [122510:122528:1119/172214.636571:ERROR:chromium/net/socket/ssl_client_socket_impl.cc:916] handshake failed; returned -1, SSL error code 1, net_error -113
Nov 19 17:22:15 jackr vivaldi_vivaldi-stable.desktop[122510]: [122510:122528:1119/172215.078104:ERROR:chromium/net/socket/ssl_client_socket_impl.cc:916] handshake failed; returned -1, SSL error code 1, net_error -113
Nov 19 17:28:21 jackr kactivitymanagerd[71836]: kf.service.services: Parsing "exist Exec and Exec ~~ 'env BAMF_DESKTOP_FILE_HINT=/var/lib/snapd/desktop/applications/vivaldi_vivaldi-stable.desktop /snap/bin/vivaldi.vivaldi-stable '\\''--class=Vivaldi-snap'\\'' %U'" gave: syntax error
Nov 19 17:28:22 jackr kactivitymanagerd[71836]: kf.service.services: Parsing "exist Exec and Exec ~~ '/snap/bin/vivaldi.vivaldi-stable '\\''--class=Vivaldi-snap'\\'' %U'" gave: syntax error
Nov 19 17:28:22 jackr kactivitymanagerd[71836]: message repeated 4 times: [ kf.service.services: Parsing "exist Exec and Exec ~~ '/snap/bin/vivaldi.vivaldi-stable '\\''--class=Vivaldi-snap'\\'' %U'" gave: syntax error]
Nov 19 17:32:47 jackr kactivitymanagerd[71836]: kf.service.services: Parsing "exist Exec and Exec ~~ 'env BAMF_DESKTOP_FILE_HINT=/var/lib/snapd/desktop/applications/vivaldi_vivaldi-stable.desktop /snap/bin/vivaldi.vivaldi-stable '\\''--class=Vivaldi-snap'\\'' %U'" gave: syntax error
Nov 19 17:32:47 jackr kactivitymanagerd[71836]: kf.service.services: Parsing "exist Exec and Exec ~~ '/snap/bin/vivaldi.vivaldi-stable '\\''--class=Vivaldi-snap'\\'' %U'" gave: syntax error
Nov 19 17:32:47 jackr kactivitymanagerd[71836]: message repeated 4 times: [ kf.service.services: Parsing "exist Exec and Exec ~~ '/snap/bin/vivaldi.vivaldi-stable '\\''--class=Vivaldi-snap'\\'' %U'" gave: syntax error]
Nov 19 17:42:39 jackr kactivitymanagerd[71836]: kf.service.services: Parsing "exist Exec and Exec ~~ 'env BAMF_DESKTOP_FILE_HINT=/var/lib/snapd/desktop/applications/vivaldi_vivaldi-stable.desktop /snap/bin/vivaldi.vivaldi-stable '\\''--class=Vivaldi-snap'\\'' %U'" gave: syntax error
Nov 19 17:42:39 jackr kactivitymanagerd[71836]: kf.service.services: Parsing "exist Exec and Exec ~~ '/snap/bin/vivaldi.vivaldi-stable '\\''--class=Vivaldi-snap'\\'' %U'" gave: syntax error
Nov 19 17:42:39 jackr kactivitymanagerd[71836]: message repeated 4 times: [ kf.service.services: Parsing "exist Exec and Exec ~~ '/snap/bin/vivaldi.vivaldi-stable '\\''--class=Vivaldi-snap'\\'' %U'" gave: syntax error]
Nov 19 17:44:06 jackr vivaldi_vivaldi-stable.desktop[122510]: [122510:122528:1119/174406.034704:ERROR:chromium/net/socket/ssl_client_socket_impl.cc:916] handshake failed; returned -1, SSL error code 1, net_error -100
Nov 19 17:44:07 jackr vivaldi_vivaldi-stable.desktop[122510]: [122510:122528:1119/174407.781114:ERROR:chromium/net/socket/ssl_client_socket_impl.cc:916] handshake failed; returned -1, SSL error code 1, net_error -100
Nov 19 17:45:09 jackr vivaldi_vivaldi-stable.desktop[122382]: [122382:122462:1119/174509.493580:ERROR:chromium/google_apis/gcm/engine/connection_factory_impl.cc:434] Failed to connect to MCS endpoint with error -7
Nov 19 17:46:00 jackr vivaldi_vivaldi-stable.desktop[124768]: Fontconfig error: Cannot load default config file: File not found: /snap/vivaldi/309/gnome-platform/etc/fonts/fonts.conf
Nov 19 17:46:15 jackr vivaldi_vivaldi-stable.desktop[122510]: [122510:122528:1119/174615.103072:ERROR:chromium/net/socket/ssl_client_socket_impl.cc:916] handshake failed; returned -1, SSL error code 1, net_error -100
Nov 19 17:48:27 jackr vivaldi_vivaldi-stable.desktop[122382]: [122382:122460:1119/174827.217066:ERROR:chromium/components/sync/engine/get_updates_processor.cc:267] PostClientToServerMessage() failed during GetUpdates with error Network error (ERR_TIMED_OUT)
Nov 19 18:00:07 jackr vivaldi_vivaldi-stable.desktop[122382]: [122382:122462:1119/180007.433927:ERROR:chromium/google_apis/gcm/engine/connection_factory_impl.cc:483] ConnectionHandler failed with net error: -2
Nov 19 18:00:29 jackr gsd-media-keys[2133]: Couldn't lock screen: GDBus.Error:org.gtk.GDBus.UnmappedGError.Quark._g_2dio_2derror_2dquark.Code24: Timeout was reached
Nov 20 15:25:00 jackr kernel: [48800.780723] brcmfmac 0000:03:00.0: Direct firmware load for brcm/brcmfmac43602-pcie.Apple Inc.-MacBookPro12,1.bin failed with error -2
Nov 20 15:25:00 jackr kernel: [48800.783220] brcmfmac 0000:03:00.0: Direct firmware load for brcm/brcmfmac43602-pcie.txt failed with error -2
Nov 20 15:25:00 jackr kernel: [48800.788494] brcmfmac 0000:03:00.0: Direct firmware load for brcm/brcmfmac43602-pcie.clm_blob failed with error -2
Nov 20 15:25:00 jackr kernel: [48800.788544] brcmfmac 0000:03:00.0: Direct firmware load for brcm/brcmfmac43602-pcie.txcap_blob failed with error -2
Nov 20 15:25:00 jackr gnome-shell[1972]: libinput error: event0  - Lid Switch: client bug: event processing lagging behind by 2350ms, your system is too slow
Nov 20 15:25:00 jackr gnome-shell[1972]: libinput error: event1  - Power Button: client bug: event processing lagging behind by 2350ms, your system is too slow
Nov 20 15:25:00 jackr gnome-shell[1972]: libinput error: event3  - Power Button: client bug: event processing lagging behind by 2350ms, your system is too slow
Nov 20 15:25:00 jackr NetworkManager[835]: <error> [1763673900.5855] dhcp4 (enx000ec6c1bb8a): error -19 dispatching events
Nov 20 15:25:01 jackr vivaldi_vivaldi-stable.desktop[122382]: [122382:122462:1120/152501.212697:ERROR:chromium/google_apis/gcm/engine/connection_factory_impl.cc:434] Failed to connect to MCS endpoint with error -106
Nov 20 15:25:01 jackr vivaldi_vivaldi-stable.desktop[122382]: [122382:122458:1120/152501.237172:ERROR:chromium/components/sync/engine/get_updates_processor.cc:267] PostClientToServerMessage() failed during GetUpdates with error Network error (ERR_INTERNET_DISCONNECTED)
Nov 20 15:25:03 jackr vivaldi_vivaldi-stable.desktop[122382]: [122382:122458:1120/152503.746537:ERROR:chromium/components/sync/engine/get_updates_processor.cc:267] PostClientToServerMessage() failed during GetUpdates with error Network error (ERR_INTERNET_DISCONNECTED)
Nov 20 15:25:07 jackr vivaldi_vivaldi-stable.desktop[122382]: [122382:122458:1120/152507.501451:ERROR:chromium/components/sync/engine/get_updates_processor.cc:267] PostClientToServerMessage() failed during GetUpdates with error Network error (ERR_INTERNET_DISCONNECTED)
Nov 20 15:25:13 jackr vivaldi_vivaldi-stable.desktop[122382]: [122382:122458:1120/152513.138867:ERROR:chromium/components/sync/engine/get_updates_processor.cc:267] PostClientToServerMessage() failed during GetUpdates with error Network error (ERR_INTERNET_DISCONNECTED)
Nov 20 15:25:25 jackr ubuntu-appindicators@ubuntu.com[1972]: Impossible to send about-to-show to menu: Gio.DBusError: GDBus.Error:org.freedesktop.DBus.Error.Failed: error occurred in AboutToShow
Nov 20 15:25:27 jackr vivaldi_vivaldi-stable.desktop[122382]: [122382:122458:1120/152527.213332:ERROR:chromium/components/sync/engine/get_updates_processor.cc:267] PostClientToServerMessage() failed during GetUpdates with error Network error (ERR_INTERNET_DISCONNECTED)
Nov 20 15:25:29 jackr vivaldi_vivaldi-stable.desktop[122382]: [122382:122462:1120/152529.875719:ERROR:chromium/google_apis/gcm/engine/connection_factory_impl.cc:434] Failed to connect to MCS endpoint with error -105
Nov 20 15:25:29 jackr vivaldi_vivaldi-stable.desktop[122382]: [122382:122462:1120/152529.882591:ERROR:chromium/google_apis/gcm/engine/connection_factory_impl.cc:434] Failed to connect to MCS endpoint with error -105
Nov 20 15:25:29 jackr vivaldi_vivaldi-stable.desktop[122382]: [122382:122458:1120/152529.883394:ERROR:chromium/components/sync/engine/get_updates_processor.cc:267] PostClientToServerMessage() failed during GetUpdates with error Network error (ERR_NAME_NOT_RESOLVED)
Nov 20 15:25:30 jackr vivaldi_vivaldi-stable.desktop[125761]: Fontconfig error: Cannot load default config file: File not found: /snap/vivaldi/309/gnome-platform/etc/fonts/fonts.conf
Nov 20 15:26:20 jackr gnome-software[2213]: internal error: failed, but no error code: cancelled-priority
Nov 20 15:26:23 jackr gnome-software[2213]: not handling error failed for action refresh: E: Failed to fetch http://us.archive.ubuntu.com/ubuntu/dists/jammy/InRelease  #012E: Failed to fetch http://us.archive.ubuntu.com/ubuntu/dists/jammy-updates/InRelease  #012E: Failed to fetch http://us.archive.ubuntu.com/ubuntu/dists/jammy-backports/InRelease  #012E: Failed to fetch http://security.ubuntu.com/ubuntu/dists/jammy-security/InRelease  #012E: Failed to fetch https://downloads.1password.com/linux/debian/amd64/dists/stable/InRelease  #012E: Failed to fetch https://download.docker.com/linux/ubuntu/dists/jammy/InRelease  #012E: Failed to fetch https://ppa.launchpadcontent.net/dotnet/backports/ubuntu/dists/jammy/InRelease  #012E: Failed to fetch http://packages.ros.org/ros2/ubuntu/dists/jammy/InRelease  #012E: Failed to fetch https://codeberg.org/api/packages/yataro/debian/dists/generic/InRelease  #012E: Failed to fetch https://downloads.typora.io/linux/./InRelease  #012E: Failed to fetch https://zotero.retorque.re/file/apt-package-archive/./InRelease  #012E: Some index files failed to download. They have been ignored, or old ones used instead.
Nov 20 15:26:41 jackr gnome-software[2213]: not handling error failed for action refresh: E: Failed to fetch http://us.archive.ubuntu.com/ubuntu/dists/jammy/InRelease  #012E: Failed to fetch http://us.archive.ubuntu.com/ubuntu/dists/jammy-updates/InRelease  #012E: Failed to fetch http://us.archive.ubuntu.com/ubuntu/dists/jammy-backports/InRelease  #012E: Failed to fetch http://security.ubuntu.com/ubuntu/dists/jammy-security/InRelease  #012E: Failed to fetch https://downloads.1password.com/linux/debian/amd64/dists/stable/InRelease  #012E: Failed to fetch https://download.docker.com/linux/ubuntu/dists/jammy/InRelease  #012E: Failed to fetch https://ppa.launchpadcontent.net/dotnet/backports/ubuntu/dists/jammy/InRelease  #012E: Failed to fetch http://packages.ros.org/ros2/ubuntu/dists/jammy/InRelease  #012E: Failed to fetch https://codeberg.org/api/packages/yataro/debian/dists/generic/InRelease  #012E: Failed to fetch https://downloads.typora.io/linux/./InRelease  #012E: Failed to fetch https://zotero.retorque.re/file/apt-package-archive/./InRelease  #012E: Some index files failed to download. They have been ignored, or old ones used instead.
Nov 20 15:26:46 jackr gnome-software[2213]: internal error: failed, but no error code: cancelled-priority
Nov 20 15:26:48 jackr gnome-software[2213]: internal error: failed, but no error code: cancelled-priority
Nov 20 15:29:14 jackr kactivitymanagerd[71836]: kf.service.services: Parsing "exist Exec and Exec ~~ 'env BAMF_DESKTOP_FILE_HINT=/var/lib/snapd/desktop/applications/vivaldi_vivaldi-stable.desktop /snap/bin/vivaldi.vivaldi-stable '\\''--class=Vivaldi-snap'\\'' %U'" gave: syntax error
Nov 20 15:29:14 jackr kactivitymanagerd[71836]: kf.service.services: Parsing "exist Exec and Exec ~~ '/snap/bin/vivaldi.vivaldi-stable '\\''--class=Vivaldi-snap'\\'' %U'" gave: syntax error
Nov 20 15:29:14 jackr kactivitymanagerd[71836]: message repeated 4 times: [ kf.service.services: Parsing "exist Exec and Exec ~~ '/snap/bin/vivaldi.vivaldi-stable '\\''--class=Vivaldi-snap'\\'' %U'" gave: syntax error]
Nov 20 15:43:03 jackr kactivitymanagerd[71836]: kf.service.services: Parsing "exist Exec and Exec ~~ 'env BAMF_DESKTOP_FILE_HINT=/var/lib/snapd/desktop/applications/vivaldi_vivaldi-stable.desktop /snap/bin/vivaldi.vivaldi-stable '\\''--class=Vivaldi-snap'\\'' %U'" gave: syntax error
Nov 20 15:43:04 jackr kactivitymanagerd[71836]: kf.service.services: Parsing "exist Exec and Exec ~~ '/snap/bin/vivaldi.vivaldi-stable '\\''--class=Vivaldi-snap'\\'' %U'" gave: syntax error
Nov 20 15:43:04 jackr kactivitymanagerd[71836]: message repeated 4 times: [ kf.service.services: Parsing "exist Exec and Exec ~~ '/snap/bin/vivaldi.vivaldi-stable '\\''--class=Vivaldi-snap'\\'' %U'" gave: syntax error]
Nov 20 15:43:30 jackr kactivitymanagerd[71836]: kf.service.services: Parsing "exist Exec and Exec ~~ 'env BAMF_DESKTOP_FILE_HINT=/var/lib/snapd/desktop/applications/vivaldi_vivaldi-stable.desktop /snap/bin/vivaldi.vivaldi-stable '\\''--class=Vivaldi-snap'\\'' %U'" gave: syntax error
Nov 20 15:43:31 jackr kactivitymanagerd[71836]: kf.service.services: Parsing "exist Exec and Exec ~~ '/snap/bin/vivaldi.vivaldi-stable '\\''--class=Vivaldi-snap'\\'' %U'" gave: syntax error
Nov 20 15:43:31 jackr kactivitymanagerd[71836]: kf.service.services: Parsing "exist Exec and Exec ~~ '/snap/bin/vivaldi.vivaldi-stable '\\''--class=Vivaldi-snap'\\'' %U'" gave: syntax error
Nov 20 15:43:31 jackr kactivitymanagerd[71836]: message repeated 2 times: [ kf.service.services: Parsing "exist Exec and Exec ~~ '/snap/bin/vivaldi.vivaldi-stable '\\''--class=Vivaldi-snap'\\'' %U'" gave: syntax error]
Nov 20 15:43:32 jackr kactivitymanagerd[71836]: kf.service.services: Parsing "exist Exec and Exec ~~ 'env BAMF_DESKTOP_FILE_HINT=/var/lib/snapd/desktop/applications/vivaldi_vivaldi-stable.desktop /snap/bin/vivaldi.vivaldi-stable '\\''--class=Vivaldi-snap'\\'' %U'" gave: syntax error
Nov 20 15:43:32 jackr kactivitymanagerd[71836]: kf.service.services: Parsing "exist Exec and Exec ~~ '/snap/bin/vivaldi.vivaldi-stable '\\''--class=Vivaldi-snap'\\'' %U'" gave: syntax error
Nov 20 15:43:32 jackr kactivitymanagerd[71836]: message repeated 4 times: [ kf.service.services: Parsing "exist Exec and Exec ~~ '/snap/bin/vivaldi.vivaldi-stable '\\''--class=Vivaldi-snap'\\'' %U'" gave: syntax error]
Nov 20 15:44:14 jackr kactivitymanagerd[71836]: kf.service.services: Parsing "exist Exec and Exec ~~ 'env BAMF_DESKTOP_FILE_HINT=/var/lib/snapd/desktop/applications/vivaldi_vivaldi-stable.desktop /snap/bin/vivaldi.vivaldi-stable '\\''--class=Vivaldi-snap'\\'' %U'" gave: syntax error
Nov 20 15:44:14 jackr kactivitymanagerd[71836]: kf.service.services: Parsing "exist Exec and Exec ~~ '/snap/bin/vivaldi.vivaldi-stable '\\''--class=Vivaldi-snap'\\'' %U'" gave: syntax error
Nov 20 15:44:15 jackr kactivitymanagerd[71836]: message repeated 5 times: [ kf.service.services: Parsing "exist Exec and Exec ~~ '/snap/bin/vivaldi.vivaldi-stable '\\''--class=Vivaldi-snap'\\'' %U'" gave: syntax error]
Nov 20 15:55:41 jackr kactivitymanagerd[71836]: kf.service.services: Parsing "exist Exec and Exec ~~ 'env BAMF_DESKTOP_FILE_HINT=/var/lib/snapd/desktop/applications/vivaldi_vivaldi-stable.desktop /snap/bin/vivaldi.vivaldi-stable '\\''--class=Vivaldi-snap'\\'' %U'" gave: syntax error
Nov 20 15:55:41 jackr kactivitymanagerd[71836]: kf.service.services: Parsing "exist Exec and Exec ~~ '/snap/bin/vivaldi.vivaldi-stable '\\''--class=Vivaldi-snap'\\'' %U'" gave: syntax error
Nov 20 15:55:42 jackr kactivitymanagerd[71836]: message repeated 5 times: [ kf.service.services: Parsing "exist Exec and Exec ~~ '/snap/bin/vivaldi.vivaldi-stable '\\''--class=Vivaldi-snap'\\'' %U'" gave: syntax error]
Nov 20 15:56:03 jackr kactivitymanagerd[71836]: kf.service.services: Parsing "exist Exec and Exec ~~ 'env BAMF_DESKTOP_FILE_HINT=/var/lib/snapd/desktop/applications/vivaldi_vivaldi-stable.desktop /snap/bin/vivaldi.vivaldi-stable '\\''--class=Vivaldi-snap'\\'' %U'" gave: syntax error
Nov 20 15:56:03 jackr kactivitymanagerd[71836]: kf.service.services: Parsing "exist Exec and Exec ~~ '/snap/bin/vivaldi.vivaldi-stable '\\''--class=Vivaldi-snap'\\'' %U'" gave: syntax error
Nov 20 15:56:03 jackr kactivitymanagerd[71836]: message repeated 5 times: [ kf.service.services: Parsing "exist Exec and Exec ~~ '/snap/bin/vivaldi.vivaldi-stable '\\''--class=Vivaldi-snap'\\'' %U'" gave: syntax error]
Nov 20 16:00:43 jackr kactivitymanagerd[71836]: kf.service.services: Parsing "exist Exec and Exec ~~ 'env BAMF_DESKTOP_FILE_HINT=/var/lib/snapd/desktop/applications/vivaldi_vivaldi-stable.desktop /snap/bin/vivaldi.vivaldi-stable '\\''--class=Vivaldi-snap'\\'' %U'" gave: syntax error
Nov 20 16:00:43 jackr kactivitymanagerd[71836]: kf.service.services: Parsing "exist Exec and Exec ~~ '/snap/bin/vivaldi.vivaldi-stable '\\''--class=Vivaldi-snap'\\'' %U'" gave: syntax error
Nov 20 16:00:44 jackr kactivitymanagerd[71836]: message repeated 5 times: [ kf.service.services: Parsing "exist Exec and Exec ~~ '/snap/bin/vivaldi.vivaldi-stable '\\''--class=Vivaldi-snap'\\'' %U'" gave: syntax error]
Nov 20 16:07:58 jackr kactivitymanagerd[71836]: kf.service.services: Parsing "exist Exec and Exec ~~ 'env BAMF_DESKTOP_FILE_HINT=/var/lib/snapd/desktop/applications/vivaldi_vivaldi-stable.desktop /snap/bin/vivaldi.vivaldi-stable '\\''--class=Vivaldi-snap'\\'' %U'" gave: syntax error
Nov 20 16:07:58 jackr kactivitymanagerd[71836]: kf.service.services: Parsing "exist Exec and Exec ~~ '/snap/bin/vivaldi.vivaldi-stable '\\''--class=Vivaldi-snap'\\'' %U'" gave: syntax error
Nov 20 16:07:59 jackr kactivitymanagerd[71836]: message repeated 5 times: [ kf.service.services: Parsing "exist Exec and Exec ~~ '/snap/bin/vivaldi.vivaldi-stable '\\''--class=Vivaldi-snap'\\'' %U'" gave: syntax error]
Nov 20 16:12:38 jackr kactivitymanagerd[71836]: kf.service.services: Parsing "exist Exec and Exec ~~ 'env BAMF_DESKTOP_FILE_HINT=/var/lib/snapd/desktop/applications/vivaldi_vivaldi-stable.desktop /snap/bin/vivaldi.vivaldi-stable '\\''--class=Vivaldi-snap'\\'' %U'" gave: syntax error
Nov 20 16:12:38 jackr kactivitymanagerd[71836]: kf.service.services: Parsing "exist Exec and Exec ~~ '/snap/bin/vivaldi.vivaldi-stable '\\''--class=Vivaldi-snap'\\'' %U'" gave: syntax error
Nov 20 16:12:38 jackr kactivitymanagerd[71836]: message repeated 5 times: [ kf.service.services: Parsing "exist Exec and Exec ~~ '/snap/bin/vivaldi.vivaldi-stable '\\''--class=Vivaldi-snap'\\'' %U'" gave: syntax error]
Nov 20 16:12:44 jackr kactivitymanagerd[71836]: kf.service.services: Parsing "exist Exec and Exec ~~ 'env BAMF_DESKTOP_FILE_HINT=/var/lib/snapd/desktop/applications/vivaldi_vivaldi-stable.desktop /snap/bin/vivaldi.vivaldi-stable '\\''--class=Vivaldi-snap'\\'' %U'" gave: syntax error
Nov 20 16:12:44 jackr kactivitymanagerd[71836]: kf.service.services: Parsing "exist Exec and Exec ~~ '/snap/bin/vivaldi.vivaldi-stable '\\''--class=Vivaldi-snap'\\'' %U'" gave: syntax error
Nov 20 16:12:44 jackr kactivitymanagerd[71836]: kf.service.services: Parsing "exist Exec and Exec ~~ '/snap/bin/vivaldi.vivaldi-stable '\\''--class=Vivaldi-snap'\\'' %U'" gave: syntax error
Nov 20 16:12:44 jackr kactivitymanagerd[71836]: Unrecognized chakf.service.services: Parsing "exist Exec and Exec ~~ '/snap/bin/vivaldi.vivaldi-stable '\\''--class=Vivaldi-snap'\\'' %U'" gave: syntax error
Nov 20 16:12:44 jackr kactivitymanagerd[71836]: kf.service.services: Parsing "exist Exec and Exec ~~ '/snap/bin/vivaldi.vivaldi-stable '\\''--class=Vivaldi-snap'\\'' %U'" gave: syntax error
Nov 20 16:12:44 jackr kactivitymanagerd[71836]: message repeated 2 times: [ kf.service.services: Parsing "exist Exec and Exec ~~ '/snap/bin/vivaldi.vivaldi-stable '\\''--class=Vivaldi-snap'\\'' %U'" gave: syntax error]
Nov 20 16:15:47 jackr kactivitymanagerd[71836]: kf.service.services: Parsing "exist Exec and Exec ~~ 'env BAMF_DESKTOP_FILE_HINT=/var/lib/snapd/desktop/applications/vivaldi_vivaldi-stable.desktop /snap/bin/vivaldi.vivaldi-stable '\\''--class=Vivaldi-snap'\\'' %U'" gave: syntax error
Nov 20 16:15:47 jackr kactivitymanagerd[71836]: kf.service.services: Parsing "exist Exec and Exec ~~ '/snap/bin/vivaldi.vivaldi-stable '\\''--class=Vivaldi-snap'\\'' %U'" gave: syntax error
Nov 20 16:15:47 jackr kactivitymanagerd[71836]: message repeated 5 times: [ kf.service.services: Parsing "exist Exec and Exec ~~ '/snap/bin/vivaldi.vivaldi-stable '\\''--class=Vivaldi-snap'\\'' %U'" gave: syntax error]
Nov 20 16:16:20 jackr kactivitymanagerd[71836]: kf.service.services: Parsing "exist Exec and Exec ~~ 'env BAMF_DESKTOP_FILE_HINT=/var/lib/snapd/desktop/applications/vivaldi_vivaldi-stable.desktop /snap/bin/vivaldi.vivaldi-stable '\\''--class=Vivaldi-snap'\\'' %U'" gave: syntax error
Nov 20 16:16:21 jackr kactivitymanagerd[71836]: kf.service.services: Parsing "exist Exec and Exec ~~ '/snap/bin/vivaldi.vivaldi-stable '\\''--class=Vivaldi-snap'\\'' %U'" gave: syntax error
Nov 20 16:16:21 jackr kactivitymanagerd[71836]: message repeated 5 times: [ kf.service.services: Parsing "exist Exec and Exec ~~ '/snap/bin/vivaldi.vivaldi-stable '\\''--class=Vivaldi-snap'\\'' %U'" gave: syntax error]
Nov 20 16:47:50 jackr vivaldi_vivaldi-stable.desktop[122382]: [122382:122462:1120/164750.124350:ERROR:chromium/google_apis/gcm/engine/connection_factory_impl.cc:483] ConnectionHandler failed with net error: -2
Nov 20 16:54:49 jackr kernel: [53782.443241] brcmfmac 0000:03:00.0: Direct firmware load for brcm/brcmfmac43602-pcie.Apple Inc.-MacBookPro12,1.bin failed with error -2
Nov 20 16:54:49 jackr kernel: [53782.449047] brcmfmac 0000:03:00.0: Direct firmware load for brcm/brcmfmac43602-pcie.txt failed with error -2
Nov 20 16:54:49 jackr kernel: [53782.457572] brcmfmac 0000:03:00.0: Direct firmware load for brcm/brcmfmac43602-pcie.clm_blob failed with error -2
Nov 20 16:54:49 jackr kernel: [53782.457660] brcmfmac 0000:03:00.0: Direct firmware load for brcm/brcmfmac43602-pcie.txcap_blob failed with error -2
Nov 20 16:55:34 jackr vivaldi_vivaldi-stable.desktop[140682]: Fontconfig error: Cannot load default config file: File not found: /snap/vivaldi/309/gnome-platform/etc/fonts/fonts.conf
Nov 20 16:55:49 jackr vivaldi_vivaldi-stable.desktop[122382]: [122382:122458:1120/165549.700301:ERROR:chromium/components/sync/engine/get_updates_processor.cc:267] PostClientToServerMessage() failed during GetUpdates with error Network error (ERR_INTERNET_DISCONNECTED)
Nov 20 16:55:51 jackr vivaldi_vivaldi-stable.desktop[122382]: [122382:122458:1120/165551.212506:ERROR:chromium/components/sync/engine/get_updates_processor.cc:267] PostClientToServerMessage() failed during GetUpdates with error Network error (ERR_INTERNET_DISCONNECTED)
Nov 20 16:55:53 jackr vivaldi_vivaldi-stable.desktop[122382]: [122382:122458:1120/165553.474397:ERROR:chromium/components/sync/engine/get_updates_processor.cc:267] PostClientToServerMessage() failed during GetUpdates with error Network error (ERR_INTERNET_DISCONNECTED)
Nov 20 16:55:56 jackr vivaldi_vivaldi-stable.desktop[122382]: [122382:122458:1120/165556.865095:ERROR:chromium/components/sync/engine/get_updates_processor.cc:267] PostClientToServerMessage() failed during GetUpdates with error Network error (ERR_INTERNET_DISCONNECTED)
Nov 20 16:56:01 jackr vivaldi_vivaldi-stable.desktop[122382]: [122382:122458:1120/165601.945057:ERROR:chromium/components/sync/engine/get_updates_processor.cc:267] PostClientToServerMessage() failed during GetUpdates with error Network error (ERR_INTERNET_DISCONNECTED)
Nov 20 16:56:09 jackr vivaldi_vivaldi-stable.desktop[122382]: [122382:122458:1120/165609.554593:ERROR:chromium/components/sync/engine/get_updates_processor.cc:267] PostClientToServerMessage() failed during GetUpdates with error Network error (ERR_INTERNET_DISCONNECTED)
Nov 20 16:56:20 jackr vivaldi_vivaldi-stable.desktop[122382]: [122382:122458:1120/165620.957960:ERROR:chromium/components/sync/engine/get_updates_processor.cc:267] PostClientToServerMessage() failed during GetUpdates with error Network error (ERR_INTERNET_DISCONNECTED)
Nov 20 16:56:24 jackr vivaldi_vivaldi-stable.desktop[141032]: Fontconfig error: Cannot load default config file: File not found: /snap/vivaldi/309/gnome-platform/etc/fonts/fonts.conf
Nov 20 16:56:26 jackr ubuntu-appindicators@ubuntu.com[1972]: Impossible to send about-to-show to menu: Gio.DBusError: GDBus.Error:org.freedesktop.DBus.Error.Failed: error occurred in AboutToShow
Nov 20 16:56:30 jackr vivaldi_vivaldi-stable.desktop[122382]: [122382:122489:1120/165630.524262:ERROR:chromium/components/sync/engine/get_updates_processor.cc:267] PostClientToServerMessage() failed during GetUpdates with error Network error (ERR_NAME_NOT_RESOLVED)
Nov 20 16:56:58 jackr vivaldi_vivaldi-stable.desktop[122382]: [122382:122462:1120/165658.199757:ERROR:chromium/google_apis/gcm/engine/connection_factory_impl.cc:434] Failed to connect to MCS endpoint with error -109
Nov 20 16:57:46 jackr evolution-addre[2063]: Error setting property 'ConnectionStatus' on interface org.gnome.evolution.dataserver.Source: The connection is closed (g-io-error-quark, 18)
Nov 20 16:57:47 jackr gnome-session[141472]: gnome-session-binary[141472]: GLib-GIO-CRITICAL: g_bus_get_sync: assertion 'error == NULL || *error == NULL' failed
Nov 20 16:57:47 jackr gnome-session[141472]: gnome-session-binary[141472]: GLib-GIO-CRITICAL: g_bus_get_sync: assertion 'error == NULL || *error == NULL' failed
Nov 20 16:57:47 jackr gnome-session-binary[141472]: GLib-GIO-CRITICAL: g_bus_get_sync: assertion 'error == NULL || *error == NULL' failed
Nov 20 16:57:47 jackr gnome-session-binary[141472]: GLib-GIO-CRITICAL: g_bus_get_sync: assertion 'error == NULL || *error == NULL' failed
Nov 20 16:58:16 jackr vivaldi_vivaldi-stable.desktop[142725]: [142725:142725:1120/165816.352450:ERROR:chromium/dbus/object_proxy.cc:573] Failed to call method: org.gnome.Mutter.IdleMonitor.AddIdleWatch: object_path= /org/gnome/Mutter/IdleMonitor/Core: org.freedesktop.DBus.Error.AccessDenied: An AppArmor policy prevents this sender from sending this message to this recipient; type="method_call", sender=":1.101" (uid=1000 pid=142725 comm="/snap/vivaldi/309/opt/vivaldi/vivaldi --password-s" label="snap.vivaldi.vivaldi-stable (enforce)") interface="org.gnome.Mutter.IdleMonitor" member="AddIdleWatch" error name="(unset)" requested_reply="0" destination="org.gnome.Mutter.IdleMonitor" (uid=1000 pid=142019 comm="/usr/bin/gnome-shell " label="unconfined")
Nov 20 16:58:23 jackr vivaldi_vivaldi-stable.desktop[142725]: [142725:143018:1120/165823.491120:ERROR:chromium/google_apis/gcm/engine/registration_request.cc:292] Registration response error message: DEPRECATED_ENDPOINT
Nov 20 16:58:31 jackr snap-store[142333]: not handling error failed for action refresh: E: Failed to fetch http://us.archive.ubuntu.com/ubuntu/dists/jammy/InRelease  #012E: Failed to fetch http://us.archive.ubuntu.com/ubuntu/dists/jammy-updates/InRelease  #012E: Failed to fetch http://us.archive.ubuntu.com/ubuntu/dists/jammy-backports/InRelease  #012E: Failed to fetch http://security.ubuntu.com/ubuntu/dists/jammy-security/InRelease  #012E: Failed to fetch https://downloads.1password.com/linux/debian/amd64/dists/stable/InRelease  #012E: Failed to fetch https://download.docker.com/linux/ubuntu/dists/jammy/InRelease  #012E: Failed to fetch https://ppa.launchpadcontent.net/dotnet/backports/ubuntu/dists/jammy/InRelease  #012E: Failed to fetch http://packages.ros.org/ros2/ubuntu/dists/jammy/InRelease  #012E: Failed to fetch https://codeberg.org/api/packages/yataro/debian/dists/generic/InRelease  #012E: Failed to fetch https://downloads.typora.io/linux/./InRelease  #012E: Failed to fetch https://zotero.retorque.re/file/apt-package-archive/./InRelease  #012E: Some index files failed to download. They have been ignored, or old ones used instead.
Nov 20 16:58:44 jackr snap-store[142333]: not handling error failed for action refresh: E: Failed to fetch http://us.archive.ubuntu.com/ubuntu/dists/jammy/InRelease  #012E: Failed to fetch http://us.archive.ubuntu.com/ubuntu/dists/jammy-updates/InRelease  #012E: Failed to fetch http://us.archive.ubuntu.com/ubuntu/dists/jammy-backports/InRelease  #012E: Failed to fetch http://security.ubuntu.com/ubuntu/dists/jammy-security/InRelease  #012E: Failed to fetch https://downloads.1password.com/linux/debian/amd64/dists/stable/InRelease  #012E: Failed to fetch https://download.docker.com/linux/ubuntu/dists/jammy/InRelease  #012E: Failed to fetch https://ppa.launchpadcontent.net/dotnet/backports/ubuntu/dists/jammy/InRelease  #012E: Failed to fetch http://packages.ros.org/ros2/ubuntu/dists/jammy/InRelease  #012E: Failed to fetch https://codeberg.org/api/packages/yataro/debian/dists/generic/InRelease  #012E: Failed to fetch https://downloads.typora.io/linux/./InRelease  #012E: Failed to fetch https://zotero.retorque.re/file/apt-package-archive/./InRelease  #012E: Some index files failed to download. They have been ignored, or old ones used instead.
Nov 20 16:58:46 jackr vivaldi_vivaldi-stable.desktop[142725]: [142725:143018:1120/165846.659516:ERROR:chromium/google_apis/gcm/engine/registration_request.cc:292] Registration response error message: DEPRECATED_ENDPOINT
Nov 20 16:58:47 jackr snap-store[142333]: not handling error failed for action refresh: E: Failed to fetch http://us.archive.ubuntu.com/ubuntu/dists/jammy/InRelease  #012E: Failed to fetch http://us.archive.ubuntu.com/ubuntu/dists/jammy-updates/InRelease  #012E: Failed to fetch http://us.archive.ubuntu.com/ubuntu/dists/jammy-backports/InRelease  #012E: Failed to fetch http://security.ubuntu.com/ubuntu/dists/jammy-security/InRelease  #012E: Failed to fetch https://downloads.1password.com/linux/debian/amd64/dists/stable/InRelease  #012E: Failed to fetch https://download.docker.com/linux/ubuntu/dists/jammy/InRelease  #012E: Failed to fetch https://ppa.launchpadcontent.net/dotnet/backports/ubuntu/dists/jammy/InRelease  #012E: Failed to fetch http://packages.ros.org/ros2/ubuntu/dists/jammy/InRelease  #012E: Failed to fetch https://codeberg.org/api/packages/yataro/debian/dists/generic/InRelease  #012E: Failed to fetch https://downloads.typora.io/linux/./InRelease  #012E: Failed to fetch https://zotero.retorque.re/file/apt-package-archive/./InRelease  #012E: Some index files failed to download. They have been ignored, or old ones used instead.
Nov 20 16:59:35 jackr vivaldi_vivaldi-stable.desktop[142725]: [142725:143018:1120/165935.978740:ERROR:chromium/google_apis/gcm/engine/registration_request.cc:292] Registration response error message: DEPRECATED_ENDPOINT
Nov 20 17:01:32 jackr vivaldi_vivaldi-stable.desktop[142725]: [142725:143018:1120/170132.422395:ERROR:chromium/google_apis/gcm/engine/registration_request.cc:292] Registration response error message: DEPRECATED_ENDPOINT
Nov 20 17:02:22 jackr systemd[1]: Condition check resulted in Process error reports when automatic reporting is enabled (file watch) being skipped.
Nov 20 17:02:22 jackr systemd[1]: Condition check resulted in Process error reports when automatic reporting is enabled (timer based) being skipped.
Nov 20 17:02:22 jackr kernel: [    4.291095] brcmfmac 0000:03:00.0: Direct firmware load for brcm/brcmfmac43602-pcie.Apple Inc.-MacBookPro12,1.bin failed with error -2
Nov 20 17:02:22 jackr kernel: [    4.300413] brcmfmac 0000:03:00.0: Direct firmware load for brcm/brcmfmac43602-pcie.txt failed with error -2
Nov 20 17:02:22 jackr kernel: [    4.301855] brcmfmac 0000:03:00.0: Direct firmware load for brcm/brcmfmac43602-pcie.clm_blob failed with error -2
Nov 20 17:02:22 jackr kernel: [    4.301943] brcmfmac 0000:03:00.0: Direct firmware load for brcm/brcmfmac43602-pcie.txcap_blob failed with error -2
Nov 20 17:02:22 jackr containerd[707]: time="2025-11-20T17:02:22.766978202-06:00" level=info msg="skip loading plugin" error="no scratch file generator: skip plugin" id=io.containerd.snapshotter.v1.blockfile type=io.containerd.snapshotter.v1
Nov 20 17:02:22 jackr containerd[707]: time="2025-11-20T17:02:22.767337485-06:00" level=info msg="skip loading plugin" error="path /var/lib/containerd/io.containerd.snapshotter.v1.btrfs (ext4) must be a btrfs filesystem to be used with the btrfs snapshotter: skip plugin" id=io.containerd.snapshotter.v1.btrfs type=io.containerd.snapshotter.v1
Nov 20 17:02:22 jackr containerd[707]: time="2025-11-20T17:02:22.767383479-06:00" level=info msg="skip loading plugin" error="devmapper not configured: skip plugin" id=io.containerd.snapshotter.v1.devmapper type=io.containerd.snapshotter.v1
Nov 20 17:02:22 jackr containerd[707]: time="2025-11-20T17:02:22.768838916-06:00" level=info msg="skip loading plugin" error="EROFS unsupported, please `modprobe erofs`: skip plugin" id=io.containerd.snapshotter.v1.erofs type=io.containerd.snapshotter.v1
Nov 20 17:02:22 jackr containerd[707]: time="2025-11-20T17:02:22.769752533-06:00" level=info msg="skip loading plugin" error="lstat /var/lib/containerd/io.containerd.snapshotter.v1.zfs: no such file or directory: skip plugin" id=io.containerd.snapshotter.v1.zfs type=io.containerd.snapshotter.v1
Nov 20 17:02:22 jackr containerd[707]: time="2025-11-20T17:02:22.774417826-06:00" level=info msg="skip loading plugin" error="could not find mkfs.erofs: exec: \"mkfs.erofs\": executable file not found in $PATH: skip plugin" id=io.containerd.differ.v1.erofs type=io.containerd.differ.v1
Nov 20 17:02:22 jackr containerd[707]: time="2025-11-20T17:02:22.781905717-06:00" level=info msg="skip loading plugin" error="skip plugin: tracing endpoint not configured" id=io.containerd.tracing.processor.v1.otlp type=io.containerd.tracing.processor.v1
Nov 20 17:02:22 jackr containerd[707]: time="2025-11-20T17:02:22.782029215-06:00" level=info msg="skip loading plugin" error="skip plugin: tracing endpoint not configured" id=io.containerd.internal.v1.tracing type=io.containerd.internal.v1
Nov 20 17:02:23 jackr dockerd[885]: time="2025-11-20T17:02:23.579284441-06:00" level=info msg="Deleting nftables IPv4 rules" error="exit status 1"
Nov 20 17:02:23 jackr dockerd[885]: time="2025-11-20T17:02:23.588294625-06:00" level=info msg="Deleting nftables IPv6 rules" error="exit status 1"
Nov 20 17:02:24 jackr /usr/libexec/gdm-x-session[1367]: #011(WW) warning, (EE) error, (NI) not implemented, (??) unknown.
Nov 20 17:02:25 jackr gnome-session[1427]: gnome-session-binary[1427]: GLib-GIO-CRITICAL: g_bus_get_sync: assertion 'error == NULL || *error == NULL' failed
Nov 20 17:02:25 jackr gnome-session[1427]: gnome-session-binary[1427]: GLib-GIO-CRITICAL: g_bus_get_sync: assertion 'error == NULL || *error == NULL' failed
Nov 20 17:02:25 jackr gnome-session-binary[1427]: GLib-GIO-CRITICAL: g_bus_get_sync: assertion 'error == NULL || *error == NULL' failed
Nov 20 17:02:25 jackr gnome-session-binary[1427]: GLib-GIO-CRITICAL: g_bus_get_sync: assertion 'error == NULL || *error == NULL' failed
Nov 20 17:02:39 jackr /usr/libexec/gdm-x-session[1797]: #011(WW) warning, (EE) error, (NI) not implemented, (??) unknown.
Nov 20 17:02:47 jackr gnome-software[2261]: not handling error no-network for action refresh: Cannot refresh cache whilst offline
Nov 20 17:02:48 jackr snap-store[2352]: not handling error no-network for action refresh: Cannot refresh cache whilst offline
Nov 20 17:03:14 jackr snapd-desktop-i[2085]: Could not check themes: status-code=500 kind=(null) message=cannot get theme status: persistent network error: Get "https://api.snapcraft.io/v2/snaps/info/gtk-theme-default?architecture=amd64&fields=channel-map": dial tcp: lookup api.snapcraft.io: Temporary failure in name resolution
Nov 20 17:03:36 jackr vivaldi_vivaldi-stable.desktop[3009]: [3009:3091:1120/170336.382794:ERROR:chromium/google_apis/gcm/engine/registration_request.cc:292] Registration response error message: DEPRECATED_ENDPOINT
Nov 20 17:04:00 jackr kernel: [  102.541609] traps: Typora[2863] trap int3 ip:5c97cc866efe sp:7ffc62edc470 error:0 in Typora[5c97c81d1000+8d4f000]
Nov 20 17:04:00 jackr evolution-addre[2116]: Error setting property 'ConnectionStatus' on interface org.gnome.evolution.dataserver.Source: The connection is closed (g-io-error-quark, 18)
Nov 20 17:04:00 jackr vivaldi_vivaldi-stable.desktop[3071]: [1120/170400.156196:ERROR:chromium/third_party/crashpad/crashpad/util/linux/ptracer.cc:605] ptrace: Input/output error (5)
Nov 20 17:04:00 jackr vivaldi_vivaldi-stable.desktop[3131]: [3131:3131:1120/170400.319918:ERROR:chromium/ui/gfx/x/connection.cc:66] X connection error received.
Nov 20 17:04:00 jackr vivaldi_vivaldi-stable.desktop[3131]: XIO:  fatal IO error 62 (Timer expired) on X server ":1"
Nov 20 17:04:00 jackr /usr/libexec/gdm-x-session[4101]: #011(WW) warning, (EE) error, (NI) not implemented, (??) unknown.
Nov 20 17:04:02 jackr gnome-session[4153]: gnome-session-binary[4153]: GLib-GIO-CRITICAL: g_bus_get_sync: assertion 'error == NULL || *error == NULL' failed
Nov 20 17:04:02 jackr gnome-session[4153]: gnome-session-binary[4153]: GLib-GIO-CRITICAL: g_bus_get_sync: assertion 'error == NULL || *error == NULL' failed
Nov 20 17:04:02 jackr gnome-session-binary[4153]: GLib-GIO-CRITICAL: g_bus_get_sync: assertion 'error == NULL || *error == NULL' failed
Nov 20 17:04:02 jackr gnome-session-binary[4153]: GLib-GIO-CRITICAL: g_bus_get_sync: assertion 'error == NULL || *error == NULL' failed
Nov 20 17:04:15 jackr /usr/libexec/gdm-x-session[4587]: #011(WW) warning, (EE) error, (NI) not implemented, (??) unknown.
Nov 20 17:04:22 jackr gnome-software[5084]: not handling error no-network for action refresh: Cannot refresh cache whilst offline
Nov 20 17:04:23 jackr snap-store[5162]: not handling error failed for action refresh: Cannot refresh cache whilst offline
Nov 20 17:04:31 jackr vivaldi_vivaldi-stable.desktop[5453]: [5453:5524:1120/170431.705585:ERROR:chromium/google_apis/gcm/engine/registration_request.cc:292] Registration response error message: DEPRECATED_ENDPOINT
Nov 20 17:04:55 jackr vivaldi_vivaldi-stable.desktop[5453]: [5453:5524:1120/170455.887725:ERROR:chromium/google_apis/gcm/engine/registration_request.cc:292] Registration response error message: DEPRECATED_ENDPOINT
Nov 20 17:05:43 jackr vivaldi_vivaldi-stable.desktop[5453]: [5453:5524:1120/170543.506604:ERROR:chromium/google_apis/gcm/engine/registration_request.cc:292] Registration response error message: DEPRECATED_ENDPOINT
Nov 20 17:07:36 jackr vivaldi_vivaldi-stable.desktop[5453]: [5453:5524:1120/170736.808707:ERROR:chromium/google_apis/gcm/engine/registration_request.cc:292] Registration response error message: DEPRECATED_ENDPOINT
Nov 20 17:07:57 jackr systemd[1]: Condition check resulted in Process error reports when automatic reporting is enabled (file watch) being skipped.
Nov 20 17:07:57 jackr systemd[1]: Condition check resulted in Process error reports when automatic reporting is enabled (timer based) being skipped.
Nov 20 17:07:57 jackr kernel: [    4.136044] brcmfmac 0000:03:00.0: Direct firmware load for brcm/brcmfmac43602-pcie.Apple Inc.-MacBookPro12,1.bin failed with error -2
Nov 20 17:07:57 jackr kernel: [    4.142729] brcmfmac 0000:03:00.0: Direct firmware load for brcm/brcmfmac43602-pcie.txt failed with error -2
Nov 20 17:07:57 jackr kernel: [    4.144394] brcmfmac 0000:03:00.0: Direct firmware load for brcm/brcmfmac43602-pcie.clm_blob failed with error -2
Nov 20 17:07:57 jackr kernel: [    4.144480] brcmfmac 0000:03:00.0: Direct firmware load for brcm/brcmfmac43602-pcie.txcap_blob failed with error -2
Nov 20 17:07:57 jackr containerd[925]: time="2025-11-20T17:07:57.957074594-06:00" level=info msg="skip loading plugin" error="no scratch file generator: skip plugin" id=io.containerd.snapshotter.v1.blockfile type=io.containerd.snapshotter.v1
Nov 20 17:07:57 jackr containerd[925]: time="2025-11-20T17:07:57.957487675-06:00" level=info msg="skip loading plugin" error="path /var/lib/containerd/io.containerd.snapshotter.v1.btrfs (ext4) must be a btrfs filesystem to be used with the btrfs snapshotter: skip plugin" id=io.containerd.snapshotter.v1.btrfs type=io.containerd.snapshotter.v1
Nov 20 17:07:57 jackr containerd[925]: time="2025-11-20T17:07:57.957542488-06:00" level=info msg="skip loading plugin" error="devmapper not configured: skip plugin" id=io.containerd.snapshotter.v1.devmapper type=io.containerd.snapshotter.v1
Nov 20 17:07:57 jackr containerd[925]: time="2025-11-20T17:07:57.963530032-06:00" level=info msg="skip loading plugin" error="EROFS unsupported, please `modprobe erofs`: skip plugin" id=io.containerd.snapshotter.v1.erofs type=io.containerd.snapshotter.v1
Nov 20 17:07:57 jackr containerd[925]: time="2025-11-20T17:07:57.964411979-06:00" level=info msg="skip loading plugin" error="lstat /var/lib/containerd/io.containerd.snapshotter.v1.zfs: no such file or directory: skip plugin" id=io.containerd.snapshotter.v1.zfs type=io.containerd.snapshotter.v1
Nov 20 17:07:57 jackr containerd[925]: time="2025-11-20T17:07:57.978841193-06:00" level=info msg="skip loading plugin" error="could not find mkfs.erofs: exec: \"mkfs.erofs\": executable file not found in $PATH: skip plugin" id=io.containerd.differ.v1.erofs type=io.containerd.differ.v1
Nov 20 17:07:57 jackr containerd[925]: time="2025-11-20T17:07:57.994539170-06:00" level=info msg="skip loading plugin" error="skip plugin: tracing endpoint not configured" id=io.containerd.tracing.processor.v1.otlp type=io.containerd.tracing.processor.v1
Nov 20 17:07:57 jackr containerd[925]: time="2025-11-20T17:07:57.994567898-06:00" level=info msg="skip loading plugin" error="skip plugin: tracing endpoint not configured" id=io.containerd.internal.v1.tracing type=io.containerd.internal.v1
Nov 20 17:07:58 jackr gnome-session[1092]: gnome-session-binary[1092]: GLib-GIO-CRITICAL: g_bus_get_sync: assertion 'error == NULL || *error == NULL' failed
Nov 20 17:07:58 jackr gnome-session[1092]: gnome-session-binary[1092]: GLib-GIO-CRITICAL: g_bus_get_sync: assertion 'error == NULL || *error == NULL' failed
Nov 20 17:07:58 jackr gnome-session-binary[1092]: GLib-GIO-CRITICAL: g_bus_get_sync: assertion 'error == NULL || *error == NULL' failed
Nov 20 17:07:58 jackr gnome-session-binary[1092]: GLib-GIO-CRITICAL: g_bus_get_sync: assertion 'error == NULL || *error == NULL' failed
Nov 20 17:07:59 jackr dockerd[1164]: time="2025-11-20T17:07:59.991732177-06:00" level=info msg="Deleting nftables IPv4 rules" error="exit status 1"
Nov 20 17:07:59 jackr dockerd[1164]: time="2025-11-20T17:07:59.999617228-06:00" level=info msg="Deleting nftables IPv6 rules" error="exit status 1"
Nov 20 17:08:31 jackr snapd[845]: stateengine.go:161: state ensure error: persistent network error: Get "https://api.snapcraft.io/api/v1/snaps/sections": dial tcp: lookup api.snapcraft.io: Temporary failure in name resolution
Nov 20 17:08:37 jackr gnome-software[2112]: not handling error no-network for action refresh: Cannot refresh cache whilst offline
Nov 20 17:08:37 jackr snap-store[2230]: not handling error failed for action refresh: Cannot refresh cache whilst offline
Nov 20 17:11:07 jackr systemd[1]: Condition check resulted in Process error reports when automatic reporting is enabled (file watch) being skipped.
Nov 20 17:11:07 jackr systemd[1]: Condition check resulted in Process error reports when automatic reporting is enabled (timer based) being skipped.
Nov 20 17:11:07 jackr kernel: [    4.765449] brcmfmac 0000:03:00.0: Direct firmware load for brcm/brcmfmac43602-pcie.Apple Inc.-MacBookPro12,1.bin failed with error -2
Nov 20 17:11:07 jackr kernel: [    4.771368] brcmfmac 0000:03:00.0: Direct firmware load for brcm/brcmfmac43602-pcie.txt failed with error -2
Nov 20 17:11:07 jackr kernel: [    4.773341] brcmfmac 0000:03:00.0: Direct firmware load for brcm/brcmfmac43602-pcie.clm_blob failed with error -2
Nov 20 17:11:07 jackr kernel: [    4.773461] brcmfmac 0000:03:00.0: Direct firmware load for brcm/brcmfmac43602-pcie.txcap_blob failed with error -2
Nov 20 17:11:08 jackr containerd[939]: time="2025-11-20T17:11:08.289023069-06:00" level=info msg="skip loading plugin" error="no scratch file generator: skip plugin" id=io.containerd.snapshotter.v1.blockfile type=io.containerd.snapshotter.v1
Nov 20 17:11:08 jackr containerd[939]: time="2025-11-20T17:11:08.289646484-06:00" level=info msg="skip loading plugin" error="path /var/lib/containerd/io.containerd.snapshotter.v1.btrfs (ext4) must be a btrfs filesystem to be used with the btrfs snapshotter: skip plugin" id=io.containerd.snapshotter.v1.btrfs type=io.containerd.snapshotter.v1
Nov 20 17:11:08 jackr containerd[939]: time="2025-11-20T17:11:08.290431123-06:00" level=info msg="skip loading plugin" error="devmapper not configured: skip plugin" id=io.containerd.snapshotter.v1.devmapper type=io.containerd.snapshotter.v1
Nov 20 17:11:08 jackr containerd[939]: time="2025-11-20T17:11:08.303083884-06:00" level=info msg="skip loading plugin" error="EROFS unsupported, please `modprobe erofs`: skip plugin" id=io.containerd.snapshotter.v1.erofs type=io.containerd.snapshotter.v1
Nov 20 17:11:08 jackr containerd[939]: time="2025-11-20T17:11:08.313518802-06:00" level=info msg="skip loading plugin" error="lstat /var/lib/containerd/io.containerd.snapshotter.v1.zfs: no such file or directory: skip plugin" id=io.containerd.snapshotter.v1.zfs type=io.containerd.snapshotter.v1
Nov 20 17:11:08 jackr containerd[939]: time="2025-11-20T17:11:08.328885828-06:00" level=info msg="skip loading plugin" error="could not find mkfs.erofs: exec: \"mkfs.erofs\": executable file not found in $PATH: skip plugin" id=io.containerd.differ.v1.erofs type=io.containerd.differ.v1
Nov 20 17:11:08 jackr containerd[939]: time="2025-11-20T17:11:08.332460149-06:00" level=info msg="skip loading plugin" error="skip plugin: tracing endpoint not configured" id=io.containerd.tracing.processor.v1.otlp type=io.containerd.tracing.processor.v1
Nov 20 17:11:08 jackr containerd[939]: time="2025-11-20T17:11:08.332501475-06:00" level=info msg="skip loading plugin" error="skip plugin: tracing endpoint not configured" id=io.containerd.internal.v1.tracing type=io.containerd.internal.v1
Nov 20 17:11:08 jackr gnome-session[1095]: gnome-session-binary[1095]: GLib-GIO-CRITICAL: g_bus_get_sync: assertion 'error == NULL || *error == NULL' failed
Nov 20 17:11:08 jackr gnome-session[1095]: gnome-session-binary[1095]: GLib-GIO-CRITICAL: g_bus_get_sync: assertion 'error == NULL || *error == NULL' failed
Nov 20 17:11:08 jackr gnome-session-binary[1095]: GLib-GIO-CRITICAL: g_bus_get_sync: assertion 'error == NULL || *error == NULL' failed
Nov 20 17:11:08 jackr gnome-session-binary[1095]: GLib-GIO-CRITICAL: g_bus_get_sync: assertion 'error == NULL || *error == NULL' failed
Nov 20 17:11:10 jackr dockerd[1177]: time="2025-11-20T17:11:10.245758561-06:00" level=info msg="Deleting nftables IPv4 rules" error="exit status 1"
Nov 20 17:11:10 jackr dockerd[1177]: time="2025-11-20T17:11:10.254717250-06:00" level=info msg="Deleting nftables IPv6 rules" error="exit status 1"

